<?xml version='1.1' encoding='UTF-8'?>
<result plugin="junit@1.28">
  <suites>
    <suite>
      <file>F:\Uni\Jenkins\workspace\TestingProjekt\DummyTestProjekt\reports\TEST-testsForDummys.DummyTests.xml</file>
      <name>testsForDummys.DummyTests</name>
      <stdout></stdout>
      <stderr></stderr>
      <duration>1.841</duration>
      <timestamp>2019-08-06T20:06:00</timestamp>
      <time>1.7</time>
      <enclosingBlocks/>
      <enclosingBlockNames/>
      <cases>
        <case>
          <duration>0.001</duration>
          <className>testsForDummys.DummyTests</className>
          <testName>testDoMathNoSleep</testName>
          <skipped>false</skipped>
          <failedSince>0</failedSince>
        </case>
        <case>
          <duration>0.01</duration>
          <className>testsForDummys.DummyTests</className>
          <testName>testDoMathQuarterSec</testName>
          <skipped>false</skipped>
          <failedSince>0</failedSince>
        </case>
        <case>
          <duration>0.5</duration>
          <className>testsForDummys.DummyTests</className>
          <testName>testDoMathHalfSec</testName>
          <skipped>false</skipped>
          <failedSince>0</failedSince>
        </case>
		<case>
          <duration>0.01</duration>
          <className>testsForDummys.DummyTests</className>
          <testName>testDoMathReal</testName>
          <skipped>false</skipped>
          <failedSince>0</failedSince>
        </case>
        <case>
          <duration>1.0</duration>
          <className>testsForDummys.DummyTests</className>
          <testName>testDoMath</testName>
          <skipped>false</skipped>
          <failedSince>0</failedSince>
        </case>
      </cases>
    </suite>
  </suites>
  <duration>1.7</duration>
  <keepLongStdio>false</keepLongStdio>
</result>