<?xml version='1.1' encoding='UTF-8'?>
<result plugin="junit@1.27">
  <suites>
    <suite>
      <file>/var/lib/jenkins/workspace/EASy_SSEReasoner/junitResults/test.net.ssehub.easy.reasoning.sseReasoner.AllTests.xml</file>
      <name>test.net.ssehub.easy.reasoning.sseReasoner.AllTests</name>
      <stdout></stdout>
      <stderr></stderr>
      <duration>171.741</duration>
      <timestamp>2019-04-30T13:13:51</timestamp>
      <id>0</id>
      <time>171.741</time>
      <enclosingBlocks/>
      <enclosingBlockNames/>
      <cases>
        <case>
          <duration>0.223</duration>
          <className>test.net.ssehub.easy.reasoning.sseReasoner.reasoner.RampUpTest</className>
          <testName>rampUpTest</testName>
          <skipped>false</skipped>
          <failedSince>0</failedSince>
        </case>
        <case>
          <duration>0.092</duration>
          <className>test.net.ssehub.easy.reasoning.sseReasoner.adaptation.AdaptationIntegrityTests</className>
          <testName>testCompoundResultAfterReasoningForAdaptation</testName>
          <skipped>false</skipped>
          <failedSince>0</failedSince>
        </case>
        <case>
          <duration>0.011</duration>
          <className>test.net.ssehub.easy.reasoning.sseReasoner.adaptation.AdaptationIntegrityTests</className>
          <testName>testSimpleResultAfterReasoning</testName>
          <skipped>false</skipped>
          <failedSince>0</failedSince>
        </case>
        <case>
          <duration>0.017</duration>
          <className>test.net.ssehub.easy.reasoning.sseReasoner.adaptation.AdaptationIntegrityTests</className>
          <testName>testSimpleResultAfterReasoningForAdaptation</testName>
          <skipped>false</skipped>
          <failedSince>0</failedSince>
        </case>
        <case>
          <duration>0.015</duration>
          <className>test.net.ssehub.easy.reasoning.sseReasoner.adaptation.AdaptationIntegrityTests</className>
          <testName>testCompoundResultAfterReasoning</testName>
          <skipped>false</skipped>
          <failedSince>0</failedSince>
        </case>
        <case>
          <duration>0.938</duration>
          <className>test.net.ssehub.easy.reasoning.sseReasoner.adaptation.AdaptationScenarioTests</className>
          <testName>collectionOfIntegersTest</testName>
          <skipped>false</skipped>
          <failedSince>0</failedSince>
        </case>
        <case>
          <duration>0.144</duration>
          <className>test.net.ssehub.easy.reasoning.sseReasoner.adaptation.AdaptationScenarioTests</className>
          <testName>compoundVariableTest</testName>
          <skipped>false</skipped>
          <failedSince>0</failedSince>
        </case>
        <case>
          <duration>0.231</duration>
          <className>test.net.ssehub.easy.reasoning.sseReasoner.adaptation.AdaptationScenarioTests</className>
          <testName>collectionOfSimpleVariablesTest</testName>
          <skipped>false</skipped>
          <failedSince>0</failedSince>
        </case>
        <case>
          <duration>0.183</duration>
          <className>test.net.ssehub.easy.reasoning.sseReasoner.adaptation.AdaptationScenarioTests</className>
          <testName>runtimeReasoningTest</testName>
          <skipped>false</skipped>
          <failedSince>0</failedSince>
        </case>
        <case>
          <duration>0.137</duration>
          <className>test.net.ssehub.easy.reasoning.sseReasoner.adaptation.AdaptationScenarioTests</className>
          <testName>simpleVariableTest</testName>
          <skipped>false</skipped>
          <failedSince>0</failedSince>
        </case>
        <case>
          <duration>0.143</duration>
          <className>test.net.ssehub.easy.reasoning.sseReasoner.adaptation.AdaptationScenarioTests</className>
          <testName>runtimeReasoningConstraintSetTest</testName>
          <skipped>false</skipped>
          <failedSince>0</failedSince>
        </case>
        <case>
          <duration>0.115</duration>
          <className>test.net.ssehub.easy.reasoning.sseReasoner.adaptation.AdaptationScenarioTests</className>
          <testName>compoundConstraintsTest</testName>
          <skipped>false</skipped>
          <failedSince>0</failedSince>
        </case>
        <case>
          <duration>0.327</duration>
          <className>test.net.ssehub.easy.reasoning.sseReasoner.capabilities.AttributeTests</className>
          <testName>compoundIndividualAssign</testName>
          <skipped>false</skipped>
          <failedSince>0</failedSince>
        </case>
        <case>
          <duration>0.115</duration>
          <className>test.net.ssehub.easy.reasoning.sseReasoner.capabilities.AttributeTests</className>
          <testName>blockAssignNestedConstraint</testName>
          <skipped>false</skipped>
          <failedSince>0</failedSince>
        </case>
        <case>
          <duration>0.14</duration>
          <className>test.net.ssehub.easy.reasoning.sseReasoner.capabilities.AttributeTests</className>
          <testName>constraintAnnotationTest</testName>
          <skipped>false</skipped>
          <failedSince>0</failedSince>
        </case>
        <case>
          <duration>0.106</duration>
          <className>test.net.ssehub.easy.reasoning.sseReasoner.capabilities.AttributeTests</className>
          <testName>individualAssignNested</testName>
          <skipped>false</skipped>
          <failedSince>0</failedSince>
        </case>
        <case>
          <duration>0.101</duration>
          <className>test.net.ssehub.easy.reasoning.sseReasoner.capabilities.AttributeTests</className>
          <testName>nestedAssignBlock2</testName>
          <skipped>false</skipped>
          <failedSince>0</failedSince>
        </case>
        <case>
          <duration>0.101</duration>
          <className>test.net.ssehub.easy.reasoning.sseReasoner.capabilities.AttributeTests</className>
          <testName>blockAssignNestedNested</testName>
          <skipped>false</skipped>
          <failedSince>0</failedSince>
        </case>
        <case>
          <duration>0.092</duration>
          <className>test.net.ssehub.easy.reasoning.sseReasoner.capabilities.AttributeTests</className>
          <testName>blockAssign</testName>
          <skipped>false</skipped>
          <failedSince>0</failedSince>
        </case>
        <case>
          <duration>0.092</duration>
          <className>test.net.ssehub.easy.reasoning.sseReasoner.capabilities.AttributeTests</className>
          <testName>defaultAssign</testName>
          <skipped>false</skipped>
          <failedSince>0</failedSince>
        </case>
        <case>
          <duration>0.091</duration>
          <className>test.net.ssehub.easy.reasoning.sseReasoner.capabilities.AttributeTests</className>
          <testName>individualAssign</testName>
          <skipped>false</skipped>
          <failedSince>0</failedSince>
        </case>
        <case>
          <duration>0.091</duration>
          <className>test.net.ssehub.easy.reasoning.sseReasoner.capabilities.AttributeTests</className>
          <testName>blockAssignNestedConstraintFail</testName>
          <skipped>false</skipped>
          <failedSince>0</failedSince>
        </case>
        <case>
          <duration>0.091</duration>
          <className>test.net.ssehub.easy.reasoning.sseReasoner.capabilities.AttributeTests</className>
          <testName>nestedAssignBlockTree</testName>
          <skipped>false</skipped>
          <failedSince>0</failedSince>
        </case>
        <case>
          <duration>0.089</duration>
          <className>test.net.ssehub.easy.reasoning.sseReasoner.capabilities.AttributeTests</className>
          <testName>blockAssignNested</testName>
          <skipped>false</skipped>
          <failedSince>0</failedSince>
        </case>
        <case>
          <duration>0.428</duration>
          <className>test.net.ssehub.easy.reasoning.sseReasoner.capabilities.CollectionConstraintsTests</className>
          <testName>constraintSetSetDefaultTest</testName>
          <skipped>false</skipped>
          <failedSince>0</failedSince>
        </case>
        <case>
          <duration>0.436</duration>
          <className>test.net.ssehub.easy.reasoning.sseReasoner.capabilities.CollectionConstraintsTests</className>
          <testName>containerAnnotationTest</testName>
          <skipped>false</skipped>
          <failedSince>0</failedSince>
        </case>
        <case>
          <duration>0.395</duration>
          <className>test.net.ssehub.easy.reasoning.sseReasoner.capabilities.CollectionConstraintsTests</className>
          <testName>qmTest</testName>
          <skipped>false</skipped>
          <failedSince>0</failedSince>
        </case>
        <case>
          <duration>0.291</duration>
          <className>test.net.ssehub.easy.reasoning.sseReasoner.capabilities.CollectionConstraintsTests</className>
          <testName>constraintSetAssignedTest</testName>
          <skipped>false</skipped>
          <failedSince>0</failedSince>
        </case>
        <case>
          <duration>0.299</duration>
          <className>test.net.ssehub.easy.reasoning.sseReasoner.capabilities.CollectionConstraintsTests</className>
          <testName>constraintSetDefaultTest</testName>
          <skipped>false</skipped>
          <failedSince>0</failedSince>
        </case>
        <case>
          <duration>0.258</duration>
          <className>test.net.ssehub.easy.reasoning.sseReasoner.capabilities.CollectionConstraintsTests</className>
          <testName>constraintSetInNestedCompoundDefaultTest</testName>
          <skipped>false</skipped>
          <failedSince>0</failedSince>
        </case>
        <case>
          <duration>0.263</duration>
          <className>test.net.ssehub.easy.reasoning.sseReasoner.capabilities.CollectionConstraintsTests</className>
          <testName>setDerivedSetTest</testName>
          <skipped>false</skipped>
          <failedSince>0</failedSince>
        </case>
        <case>
          <duration>0.238</duration>
          <className>test.net.ssehub.easy.reasoning.sseReasoner.capabilities.CollectionConstraintsTests</className>
          <testName>referenceDerivedCollectionTest</testName>
          <skipped>false</skipped>
          <failedSince>0</failedSince>
        </case>
        <case>
          <duration>0.228</duration>
          <className>test.net.ssehub.easy.reasoning.sseReasoner.capabilities.CollectionConstraintsTests</className>
          <testName>stringCollection1Test</testName>
          <skipped>false</skipped>
          <failedSince>0</failedSince>
        </case>
        <case>
          <duration>0.196</duration>
          <className>test.net.ssehub.easy.reasoning.sseReasoner.capabilities.CollectionConstraintsTests</className>
          <testName>stringCollection2Test</testName>
          <skipped>false</skipped>
          <failedSince>0</failedSince>
        </case>
        <case>
          <duration>0.164</duration>
          <className>test.net.ssehub.easy.reasoning.sseReasoner.capabilities.CollectionConstraintsTests</className>
          <testName>stringCollection3Test</testName>
          <skipped>false</skipped>
          <failedSince>0</failedSince>
        </case>
        <case>
          <duration>0.196</duration>
          <className>test.net.ssehub.easy.reasoning.sseReasoner.capabilities.CollectionConstraintsTests</className>
          <testName>stringCollection4Test</testName>
          <skipped>false</skipped>
          <failedSince>0</failedSince>
        </case>
        <case>
          <duration>0.205</duration>
          <className>test.net.ssehub.easy.reasoning.sseReasoner.capabilities.CollectionConstraintsTests</className>
          <testName>constraintSetDerivedCompoundTest</testName>
          <skipped>false</skipped>
          <failedSince>0</failedSince>
        </case>
        <case>
          <duration>0.198</duration>
          <className>test.net.ssehub.easy.reasoning.sseReasoner.capabilities.CollectionConstraintsTests</className>
          <testName>constraintSetInCompoundAssignedTest</testName>
          <skipped>false</skipped>
          <failedSince>0</failedSince>
        </case>
        <case>
          <duration>0.181</duration>
          <className>test.net.ssehub.easy.reasoning.sseReasoner.capabilities.CollectionConstraintsTests</className>
          <testName>constraintSetInCompoundDefaultTest</testName>
          <skipped>false</skipped>
          <failedSince>0</failedSince>
        </case>
        <case>
          <duration>0.234</duration>
          <className>test.net.ssehub.easy.reasoning.sseReasoner.capabilities.CollectionConstraintsTests</className>
          <testName>constraintSetSetDerivedCompoundTest</testName>
          <skipped>false</skipped>
          <failedSince>0</failedSince>
        </case>
        <case>
          <duration>0.196</duration>
          <className>test.net.ssehub.easy.reasoning.sseReasoner.capabilities.CollectionConstraintsTests</className>
          <testName>constraintSetDefaultInCompoundTest</testName>
          <skipped>false</skipped>
          <failedSince>0</failedSince>
        </case>
        <case>
          <duration>0.071</duration>
          <className>test.net.ssehub.easy.reasoning.sseReasoner.capabilities.FailedDecisionsTests</className>
          <testName>basicAssignmentTest</testName>
          <skipped>false</skipped>
          <failedSince>0</failedSince>
        </case>
        <case>
          <duration>0.04</duration>
          <className>test.net.ssehub.easy.reasoning.sseReasoner.capabilities.FailedDecisionsTests</className>
          <testName>basicCompoundConstraintTest</testName>
          <skipped>false</skipped>
          <failedSince>0</failedSince>
        </case>
        <case>
          <duration>0.033</duration>
          <className>test.net.ssehub.easy.reasoning.sseReasoner.capabilities.FailedDecisionsTests</className>
          <testName>basicConstraintTest</testName>
          <skipped>false</skipped>
          <failedSince>0</failedSince>
        </case>
        <case>
          <duration>0.049</duration>
          <className>test.net.ssehub.easy.reasoning.sseReasoner.capabilities.RuntimeReasoningTests</className>
          <testName>ignoreDefaultAssignmentsTest</testName>
          <skipped>false</skipped>
          <failedSince>0</failedSince>
        </case>
        <case>
          <duration>0.032</duration>
          <className>test.net.ssehub.easy.reasoning.sseReasoner.capabilities.RuntimeReasoningTests</className>
          <testName>partialFreezeTest</testName>
          <skipped>false</skipped>
          <failedSince>0</failedSince>
        </case>
        <case>
          <duration>0.03</duration>
          <className>test.net.ssehub.easy.reasoning.sseReasoner.capabilities.RuntimeReasoningTests</className>
          <testName>validationConstraintFilterTest</testName>
          <skipped>false</skipped>
          <failedSince>0</failedSince>
        </case>
        <case>
          <duration>1.559</duration>
          <className>test.net.ssehub.easy.reasoning.sseReasoner.capabilities.OperationTests</className>
          <testName>testBooleanXORVariables</testName>
          <skipped>false</skipped>
          <failedSince>0</failedSince>
        </case>
        <case>
          <duration>1.109</duration>
          <className>test.net.ssehub.easy.reasoning.sseReasoner.capabilities.OperationTests</className>
          <testName>testDynamicDispatchIsValid</testName>
          <skipped>false</skipped>
          <failedSince>0</failedSince>
        </case>
        <case>
          <duration>1.365</duration>
          <className>test.net.ssehub.easy.reasoning.sseReasoner.capabilities.OperationTests</className>
          <testName>testRealGreaterThanOrEqualsConstants</testName>
          <skipped>false</skipped>
          <failedSince>0</failedSince>
        </case>
        <case>
          <duration>1.061</duration>
          <className>test.net.ssehub.easy.reasoning.sseReasoner.capabilities.OperationTests</className>
          <testName>testRealMINVariables</testName>
          <skipped>false</skipped>
          <failedSince>0</failedSince>
        </case>
        <case>
          <duration>1.622</duration>
          <className>test.net.ssehub.easy.reasoning.sseReasoner.capabilities.OperationTests</className>
          <testName>testIntegerDivConstants</testName>
          <skipped>false</skipped>
          <failedSince>0</failedSince>
        </case>
        <case>
          <duration>1.219</duration>
          <className>test.net.ssehub.easy.reasoning.sseReasoner.capabilities.OperationTests</className>
          <testName>testRealROUNDVariables</testName>
          <skipped>false</skipped>
          <failedSince>0</failedSince>
        </case>
        <case>
          <duration>1.638</duration>
          <className>test.net.ssehub.easy.reasoning.sseReasoner.capabilities.OperationTests</className>
          <testName>testRealGreaterThanOrEqualsVariables</testName>
          <skipped>false</skipped>
          <failedSince>0</failedSince>
        </case>
        <case>
          <duration>1.133</duration>
          <className>test.net.ssehub.easy.reasoning.sseReasoner.capabilities.OperationTests</className>
          <testName>testIntegerDivVariables</testName>
          <skipped>false</skipped>
          <failedSince>0</failedSince>
        </case>
        <case>
          <duration>1.212</duration>
          <className>test.net.ssehub.easy.reasoning.sseReasoner.capabilities.OperationTests</className>
          <testName>testTypedefValid</testName>
          <skipped>false</skipped>
          <failedSince>0</failedSince>
        </case>
        <case>
          <duration>1.069</duration>
          <className>test.net.ssehub.easy.reasoning.sseReasoner.capabilities.OperationTests</className>
          <testName>testIntegerGreaterThanOrEqualsConstants</testName>
          <skipped>false</skipped>
          <failedSince>0</failedSince>
        </case>
        <case>
          <duration>1.161</duration>
          <className>test.net.ssehub.easy.reasoning.sseReasoner.capabilities.OperationTests</className>
          <testName>testValueValidation13IsValid</testName>
          <skipped>false</skipped>
          <failedSince>0</failedSince>
        </case>
        <case>
          <duration>1.12</duration>
          <className>test.net.ssehub.easy.reasoning.sseReasoner.capabilities.OperationTests</className>
          <testName>testDynamicDispatchIsInvalid</testName>
          <skipped>false</skipped>
          <failedSince>0</failedSince>
        </case>
        <case>
          <duration>1.208</duration>
          <className>test.net.ssehub.easy.reasoning.sseReasoner.capabilities.OperationTests</className>
          <testName>testIntegerLessThanOrEqualsConstants</testName>
          <skipped>false</skipped>
          <failedSince>0</failedSince>
        </case>
        <case>
          <duration>1.086</duration>
          <className>test.net.ssehub.easy.reasoning.sseReasoner.capabilities.OperationTests</className>
          <testName>testRealLessThenOrEqualsVariables</testName>
          <skipped>false</skipped>
          <failedSince>0</failedSince>
        </case>
        <case>
          <duration>1.019</duration>
          <className>test.net.ssehub.easy.reasoning.sseReasoner.capabilities.OperationTests</className>
          <testName>testValueValidation1IsValid</testName>
          <skipped>false</skipped>
          <failedSince>0</failedSince>
        </case>
        <case>
          <duration>1.063</duration>
          <className>test.net.ssehub.easy.reasoning.sseReasoner.capabilities.OperationTests</className>
          <testName>testTypedefOfTypedefInvalid</testName>
          <skipped>false</skipped>
          <failedSince>0</failedSince>
        </case>
        <case>
          <duration>1.166</duration>
          <className>test.net.ssehub.easy.reasoning.sseReasoner.capabilities.OperationTests</className>
          <testName>testRealMulConstants</testName>
          <skipped>false</skipped>
          <failedSince>0</failedSince>
        </case>
        <case>
          <duration>1.026</duration>
          <className>test.net.ssehub.easy.reasoning.sseReasoner.capabilities.OperationTests</className>
          <testName>testValueValidation18IsValid</testName>
          <skipped>false</skipped>
          <failedSince>0</failedSince>
        </case>
        <case>
          <duration>1.013</duration>
          <className>test.net.ssehub.easy.reasoning.sseReasoner.capabilities.OperationTests</className>
          <testName>testValueValidation6IsValid</testName>
          <skipped>false</skipped>
          <failedSince>0</failedSince>
        </case>
        <case>
          <duration>1.027</duration>
          <className>test.net.ssehub.easy.reasoning.sseReasoner.capabilities.OperationTests</className>
          <testName>testTypedefNestedInSequenceValid</testName>
          <skipped>false</skipped>
          <failedSince>0</failedSince>
        </case>
        <case>
          <duration>0.957</duration>
          <className>test.net.ssehub.easy.reasoning.sseReasoner.capabilities.OperationTests</className>
          <testName>testIntegerGreaterThanOrEqualsVariables</testName>
          <skipped>false</skipped>
          <failedSince>0</failedSince>
        </case>
        <case>
          <duration>1.047</duration>
          <className>test.net.ssehub.easy.reasoning.sseReasoner.capabilities.OperationTests</className>
          <testName>testBooleanEvaluateValueAssignVariables</testName>
          <skipped>false</skipped>
          <failedSince>0</failedSince>
        </case>
        <case>
          <duration>1.046</duration>
          <className>test.net.ssehub.easy.reasoning.sseReasoner.capabilities.OperationTests</className>
          <testName>testIntegerLessThanOrEqualsVariables</testName>
          <skipped>false</skipped>
          <failedSince>0</failedSince>
        </case>
        <case>
          <duration>1.069</duration>
          <className>test.net.ssehub.easy.reasoning.sseReasoner.capabilities.OperationTests</className>
          <testName>testRealMulVariables</testName>
          <skipped>false</skipped>
          <failedSince>0</failedSince>
        </case>
        <case>
          <duration>0.984</duration>
          <className>test.net.ssehub.easy.reasoning.sseReasoner.capabilities.OperationTests</className>
          <testName>testIntegerGreaterThanConstants</testName>
          <skipped>false</skipped>
          <failedSince>0</failedSince>
        </case>
        <case>
          <duration>1.135</duration>
          <className>test.net.ssehub.easy.reasoning.sseReasoner.capabilities.OperationTests</className>
          <testName>testTypedefNestedInSetValid</testName>
          <skipped>false</skipped>
          <failedSince>0</failedSince>
        </case>
        <case>
          <duration>1.033</duration>
          <className>test.net.ssehub.easy.reasoning.sseReasoner.capabilities.OperationTests</className>
          <testName>testRealAddConstants</testName>
          <skipped>false</skipped>
          <failedSince>0</failedSince>
        </case>
        <case>
          <duration>1.012</duration>
          <className>test.net.ssehub.easy.reasoning.sseReasoner.capabilities.OperationTests</className>
          <testName>testRealABSConstants</testName>
          <skipped>false</skipped>
          <failedSince>0</failedSince>
        </case>
        <case>
          <duration>1.024</duration>
          <className>test.net.ssehub.easy.reasoning.sseReasoner.capabilities.OperationTests</className>
          <testName>testRealLessThanConstants</testName>
          <skipped>false</skipped>
          <failedSince>0</failedSince>
        </case>
        <case>
          <duration>1.02</duration>
          <className>test.net.ssehub.easy.reasoning.sseReasoner.capabilities.OperationTests</className>
          <testName>testBooleanANDConstants</testName>
          <skipped>false</skipped>
          <failedSince>0</failedSince>
        </case>
        <case>
          <duration>1.088</duration>
          <className>test.net.ssehub.easy.reasoning.sseReasoner.capabilities.OperationTests</className>
          <testName>testValueValidation22IsValid</testName>
          <skipped>false</skipped>
          <failedSince>0</failedSince>
        </case>
        <case>
          <duration>0.967</duration>
          <className>test.net.ssehub.easy.reasoning.sseReasoner.capabilities.OperationTests</className>
          <testName>testIntegerGreaterThanVariables</testName>
          <skipped>false</skipped>
          <failedSince>0</failedSince>
        </case>
        <case>
          <duration>1.01</duration>
          <className>test.net.ssehub.easy.reasoning.sseReasoner.capabilities.OperationTests</className>
          <testName>testValueValidation11IsValid</testName>
          <skipped>false</skipped>
          <failedSince>0</failedSince>
        </case>
        <case>
          <duration>1.4</duration>
          <className>test.net.ssehub.easy.reasoning.sseReasoner.capabilities.OperationTests</className>
          <testName>testRealFLOORConstants</testName>
          <skipped>false</skipped>
          <failedSince>0</failedSince>
        </case>
        <case>
          <duration>1.293</duration>
          <className>test.net.ssehub.easy.reasoning.sseReasoner.capabilities.OperationTests</className>
          <testName>testRealAddVariables</testName>
          <skipped>false</skipped>
          <failedSince>0</failedSince>
        </case>
        <case>
          <duration>1.008</duration>
          <className>test.net.ssehub.easy.reasoning.sseReasoner.capabilities.OperationTests</className>
          <testName>testValueValidation16IsValid</testName>
          <skipped>false</skipped>
          <failedSince>0</failedSince>
        </case>
        <case>
          <duration>0.933</duration>
          <className>test.net.ssehub.easy.reasoning.sseReasoner.capabilities.OperationTests</className>
          <testName>testRealABSVariables</testName>
          <skipped>false</skipped>
          <failedSince>0</failedSince>
        </case>
        <case>
          <duration>0.993</duration>
          <className>test.net.ssehub.easy.reasoning.sseReasoner.capabilities.OperationTests</className>
          <testName>testTypedefNestedInCompoundInvalid</testName>
          <skipped>false</skipped>
          <failedSince>0</failedSince>
        </case>
        <case>
          <duration>1.156</duration>
          <className>test.net.ssehub.easy.reasoning.sseReasoner.capabilities.OperationTests</className>
          <testName>testValueValidation4IsValid</testName>
          <skipped>false</skipped>
          <failedSince>0</failedSince>
        </case>
        <case>
          <duration>1.01</duration>
          <className>test.net.ssehub.easy.reasoning.sseReasoner.capabilities.OperationTests</className>
          <testName>testIntegerSubConstants</testName>
          <skipped>false</skipped>
          <failedSince>0</failedSince>
        </case>
        <case>
          <duration>0.979</duration>
          <className>test.net.ssehub.easy.reasoning.sseReasoner.capabilities.OperationTests</className>
          <testName>testTypedefNestedInCompoundValid</testName>
          <skipped>false</skipped>
          <failedSince>0</failedSince>
        </case>
        <case>
          <duration>0.942</duration>
          <className>test.net.ssehub.easy.reasoning.sseReasoner.capabilities.OperationTests</className>
          <testName>testAliasesInContainerValid</testName>
          <skipped>false</skipped>
          <failedSince>0</failedSince>
        </case>
        <case>
          <duration>1.218</duration>
          <className>test.net.ssehub.easy.reasoning.sseReasoner.capabilities.OperationTests</className>
          <testName>testBooleanANDVariables</testName>
          <skipped>false</skipped>
          <failedSince>0</failedSince>
        </case>
        <case>
          <duration>1.023</duration>
          <className>test.net.ssehub.easy.reasoning.sseReasoner.capabilities.OperationTests</className>
          <testName>testValueValidation9IsValid</testName>
          <skipped>false</skipped>
          <failedSince>0</failedSince>
        </case>
        <case>
          <duration>1.103</duration>
          <className>test.net.ssehub.easy.reasoning.sseReasoner.capabilities.OperationTests</className>
          <testName>testBooleanORConstants</testName>
          <skipped>false</skipped>
          <failedSince>0</failedSince>
        </case>
        <case>
          <duration>0.968</duration>
          <className>test.net.ssehub.easy.reasoning.sseReasoner.capabilities.OperationTests</className>
          <testName>testIntegerMAXConstants</testName>
          <skipped>false</skipped>
          <failedSince>0</failedSince>
        </case>
        <case>
          <duration>0.984</duration>
          <className>test.net.ssehub.easy.reasoning.sseReasoner.capabilities.OperationTests</className>
          <testName>testIntegerDivVariablesFails</testName>
          <skipped>false</skipped>
          <failedSince>0</failedSince>
        </case>
        <case>
          <duration>1.231</duration>
          <className>test.net.ssehub.easy.reasoning.sseReasoner.capabilities.OperationTests</className>
          <testName>testIntegerLessThanConstants</testName>
          <skipped>false</skipped>
          <failedSince>0</failedSince>
        </case>
        <case>
          <duration>1.061</duration>
          <className>test.net.ssehub.easy.reasoning.sseReasoner.capabilities.OperationTests</className>
          <testName>testRealFLOORVariables</testName>
          <skipped>false</skipped>
          <failedSince>0</failedSince>
        </case>
        <case>
          <duration>1.081</duration>
          <className>test.net.ssehub.easy.reasoning.sseReasoner.capabilities.OperationTests</className>
          <testName>testRealDivConstants</testName>
          <skipped>false</skipped>
          <failedSince>0</failedSince>
        </case>
        <case>
          <duration>1.077</duration>
          <className>test.net.ssehub.easy.reasoning.sseReasoner.capabilities.OperationTests</className>
          <testName>testIntegerSubVariables</testName>
          <skipped>false</skipped>
          <failedSince>0</failedSince>
        </case>
        <case>
          <duration>0.953</duration>
          <className>test.net.ssehub.easy.reasoning.sseReasoner.capabilities.OperationTests</className>
          <testName>testBooleanORVariables</testName>
          <skipped>false</skipped>
          <failedSince>0</failedSince>
        </case>
        <case>
          <duration>1.029</duration>
          <className>test.net.ssehub.easy.reasoning.sseReasoner.capabilities.OperationTests</className>
          <testName>testIntegerDivConstantsFail</testName>
          <skipped>false</skipped>
          <failedSince>0</failedSince>
        </case>
        <case>
          <duration>0.946</duration>
          <className>test.net.ssehub.easy.reasoning.sseReasoner.capabilities.OperationTests</className>
          <testName>testIntegerMAXVariables</testName>
          <skipped>false</skipped>
          <failedSince>0</failedSince>
        </case>
        <case>
          <duration>1.043</duration>
          <className>test.net.ssehub.easy.reasoning.sseReasoner.capabilities.OperationTests</className>
          <testName>testIntegerLessThanVariables</testName>
          <skipped>false</skipped>
          <failedSince>0</failedSince>
        </case>
        <case>
          <duration>0.955</duration>
          <className>test.net.ssehub.easy.reasoning.sseReasoner.capabilities.OperationTests</className>
          <testName>testValueValidation20IsValid</testName>
          <skipped>false</skipped>
          <failedSince>0</failedSince>
        </case>
        <case>
          <duration>1.05</duration>
          <className>test.net.ssehub.easy.reasoning.sseReasoner.capabilities.OperationTests</className>
          <testName>testIntegerMINConstants</testName>
          <skipped>false</skipped>
          <failedSince>0</failedSince>
        </case>
        <case>
          <duration>1.136</duration>
          <className>test.net.ssehub.easy.reasoning.sseReasoner.capabilities.OperationTests</className>
          <testName>testRealDivVariables</testName>
          <skipped>false</skipped>
          <failedSince>0</failedSince>
        </case>
        <case>
          <duration>0.954</duration>
          <className>test.net.ssehub.easy.reasoning.sseReasoner.capabilities.OperationTests</className>
          <testName>testRealEqConstants</testName>
          <skipped>false</skipped>
          <failedSince>0</failedSince>
        </case>
        <case>
          <duration>1.1</duration>
          <className>test.net.ssehub.easy.reasoning.sseReasoner.capabilities.OperationTests</className>
          <testName>testBooleanNOTConstants</testName>
          <skipped>false</skipped>
          <failedSince>0</failedSince>
        </case>
        <case>
          <duration>0.946</duration>
          <className>test.net.ssehub.easy.reasoning.sseReasoner.capabilities.OperationTests</className>
          <testName>testValueValidation14IsValid</testName>
          <skipped>false</skipped>
          <failedSince>0</failedSince>
        </case>
        <case>
          <duration>1.306</duration>
          <className>test.net.ssehub.easy.reasoning.sseReasoner.capabilities.OperationTests</className>
          <testName>testValueValidation2IsValid</testName>
          <skipped>false</skipped>
          <failedSince>0</failedSince>
        </case>
        <case>
          <duration>1.253</duration>
          <className>test.net.ssehub.easy.reasoning.sseReasoner.capabilities.OperationTests</className>
          <testName>testStringOperationsIsValid</testName>
          <skipped>false</skipped>
          <failedSince>0</failedSince>
        </case>
        <case>
          <duration>1.12</duration>
          <className>test.net.ssehub.easy.reasoning.sseReasoner.capabilities.OperationTests</className>
          <testName>testTypedefNestedInSequenceInvalid</testName>
          <skipped>false</skipped>
          <failedSince>0</failedSince>
        </case>
        <case>
          <duration>1.199</duration>
          <className>test.net.ssehub.easy.reasoning.sseReasoner.capabilities.OperationTests</className>
          <testName>testRealGreaterThanConstants</testName>
          <skipped>false</skipped>
          <failedSince>0</failedSince>
        </case>
        <case>
          <duration>0.912</duration>
          <className>test.net.ssehub.easy.reasoning.sseReasoner.capabilities.OperationTests</className>
          <testName>testValueValidation19IsValid</testName>
          <skipped>false</skipped>
          <failedSince>0</failedSince>
        </case>
        <case>
          <duration>0.966</duration>
          <className>test.net.ssehub.easy.reasoning.sseReasoner.capabilities.OperationTests</className>
          <testName>testValueValidation7IsValid</testName>
          <skipped>false</skipped>
          <failedSince>0</failedSince>
        </case>
        <case>
          <duration>0.975</duration>
          <className>test.net.ssehub.easy.reasoning.sseReasoner.capabilities.OperationTests</className>
          <testName>testTypedefCompoundNestedInSequenceValid1</testName>
          <skipped>false</skipped>
          <failedSince>0</failedSince>
        </case>
        <case>
          <duration>1.003</duration>
          <className>test.net.ssehub.easy.reasoning.sseReasoner.capabilities.OperationTests</className>
          <testName>testTypedefCompoundNestedInSequenceValid2</testName>
          <skipped>false</skipped>
          <failedSince>0</failedSince>
        </case>
        <case>
          <duration>1.192</duration>
          <className>test.net.ssehub.easy.reasoning.sseReasoner.capabilities.OperationTests</className>
          <testName>testIntegerMINVariables</testName>
          <skipped>false</skipped>
          <failedSince>0</failedSince>
        </case>
        <case>
          <duration>1.092</duration>
          <className>test.net.ssehub.easy.reasoning.sseReasoner.capabilities.OperationTests</className>
          <testName>testRealEqVariables</testName>
          <skipped>false</skipped>
          <failedSince>0</failedSince>
        </case>
        <case>
          <duration>0.987</duration>
          <className>test.net.ssehub.easy.reasoning.sseReasoner.capabilities.OperationTests</className>
          <testName>testBooleanNOTVariables</testName>
          <skipped>false</skipped>
          <failedSince>0</failedSince>
        </case>
        <case>
          <duration>1.005</duration>
          <className>test.net.ssehub.easy.reasoning.sseReasoner.capabilities.OperationTests</className>
          <testName>testSequenceOperationsIsValid</testName>
          <skipped>false</skipped>
          <failedSince>0</failedSince>
        </case>
        <case>
          <duration>1.005</duration>
          <className>test.net.ssehub.easy.reasoning.sseReasoner.capabilities.OperationTests</className>
          <testName>testRealGreaterThanVariables</testName>
          <skipped>false</skipped>
          <failedSince>0</failedSince>
        </case>
        <case>
          <duration>0.974</duration>
          <className>test.net.ssehub.easy.reasoning.sseReasoner.capabilities.OperationTests</className>
          <testName>testRealLessThenVariables</testName>
          <skipped>false</skipped>
          <failedSince>0</failedSince>
        </case>
        <case>
          <duration>0.944</duration>
          <className>test.net.ssehub.easy.reasoning.sseReasoner.capabilities.OperationTests</className>
          <testName>testMixMAXVariables</testName>
          <skipped>false</skipped>
          <failedSince>0</failedSince>
        </case>
        <case>
          <duration>0.979</duration>
          <className>test.net.ssehub.easy.reasoning.sseReasoner.capabilities.OperationTests</className>
          <testName>testTypedefOfTypedefValid</testName>
          <skipped>false</skipped>
          <failedSince>0</failedSince>
        </case>
        <case>
          <duration>0.972</duration>
          <className>test.net.ssehub.easy.reasoning.sseReasoner.capabilities.OperationTests</className>
          <testName>testValueValidation12IsValid</testName>
          <skipped>false</skipped>
          <failedSince>0</failedSince>
        </case>
        <case>
          <duration>0.964</duration>
          <className>test.net.ssehub.easy.reasoning.sseReasoner.capabilities.OperationTests</className>
          <testName>testIntegerMulConstants</testName>
          <skipped>false</skipped>
          <failedSince>0</failedSince>
        </case>
        <case>
          <duration>0.975</duration>
          <className>test.net.ssehub.easy.reasoning.sseReasoner.capabilities.OperationTests</className>
          <testName>testValueValidation17IsValid</testName>
          <skipped>false</skipped>
          <failedSince>0</failedSince>
        </case>
        <case>
          <duration>0.932</duration>
          <className>test.net.ssehub.easy.reasoning.sseReasoner.capabilities.OperationTests</className>
          <testName>testValueValidation5IsValid</testName>
          <skipped>false</skipped>
          <failedSince>0</failedSince>
        </case>
        <case>
          <duration>0.984</duration>
          <className>test.net.ssehub.easy.reasoning.sseReasoner.capabilities.OperationTests</className>
          <testName>testRealSubConstants</testName>
          <skipped>false</skipped>
          <failedSince>0</failedSince>
        </case>
        <case>
          <duration>0.95</duration>
          <className>test.net.ssehub.easy.reasoning.sseReasoner.capabilities.OperationTests</className>
          <testName>testIntegerMulConstantsFail</testName>
          <skipped>false</skipped>
          <failedSince>0</failedSince>
        </case>
        <case>
          <duration>0.956</duration>
          <className>test.net.ssehub.easy.reasoning.sseReasoner.capabilities.OperationTests</className>
          <testName>testBooleanImpliesVariables</testName>
          <skipped>false</skipped>
          <failedSince>0</failedSince>
        </case>
        <case>
          <duration>1.008</duration>
          <className>test.net.ssehub.easy.reasoning.sseReasoner.capabilities.OperationTests</className>
          <testName>testIntegerMulVariables</testName>
          <skipped>false</skipped>
          <failedSince>0</failedSince>
        </case>
        <case>
          <duration>0.965</duration>
          <className>test.net.ssehub.easy.reasoning.sseReasoner.capabilities.OperationTests</className>
          <testName>testMixMINVariables</testName>
          <skipped>false</skipped>
          <failedSince>0</failedSince>
        </case>
        <case>
          <duration>1.078</duration>
          <className>test.net.ssehub.easy.reasoning.sseReasoner.capabilities.OperationTests</className>
          <testName>testRealMAXConstants</testName>
          <skipped>false</skipped>
          <failedSince>0</failedSince>
        </case>
        <case>
          <duration>0.956</duration>
          <className>test.net.ssehub.easy.reasoning.sseReasoner.capabilities.OperationTests</className>
          <testName>testIntegerMODopConstants</testName>
          <skipped>false</skipped>
          <failedSince>0</failedSince>
        </case>
        <case>
          <duration>0.938</duration>
          <className>test.net.ssehub.easy.reasoning.sseReasoner.capabilities.OperationTests</className>
          <testName>testIntegerConstants</testName>
          <skipped>false</skipped>
          <failedSince>0</failedSince>
        </case>
        <case>
          <duration>1.09</duration>
          <className>test.net.ssehub.easy.reasoning.sseReasoner.capabilities.OperationTests</className>
          <testName>testIntegerDIVopConstants</testName>
          <skipped>false</skipped>
          <failedSince>0</failedSince>
        </case>
        <case>
          <duration>0.948</duration>
          <className>test.net.ssehub.easy.reasoning.sseReasoner.capabilities.OperationTests</className>
          <testName>testRealLessThanOrEqualsConstants</testName>
          <skipped>false</skipped>
          <failedSince>0</failedSince>
        </case>
        <case>
          <duration>0.987</duration>
          <className>test.net.ssehub.easy.reasoning.sseReasoner.capabilities.OperationTests</className>
          <testName>testIntegerAddConstants</testName>
          <skipped>false</skipped>
          <failedSince>0</failedSince>
        </case>
        <case>
          <duration>0.985</duration>
          <className>test.net.ssehub.easy.reasoning.sseReasoner.capabilities.OperationTests</className>
          <testName>testIntegerABSConstants</testName>
          <skipped>false</skipped>
          <failedSince>0</failedSince>
        </case>
        <case>
          <duration>0.955</duration>
          <className>test.net.ssehub.easy.reasoning.sseReasoner.capabilities.OperationTests</className>
          <testName>testIntegerEqVariables</testName>
          <skipped>false</skipped>
          <failedSince>0</failedSince>
        </case>
        <case>
          <duration>0.993</duration>
          <className>test.net.ssehub.easy.reasoning.sseReasoner.capabilities.OperationTests</className>
          <testName>testRealSubVariables</testName>
          <skipped>false</skipped>
          <failedSince>0</failedSince>
        </case>
        <case>
          <duration>0.975</duration>
          <className>test.net.ssehub.easy.reasoning.sseReasoner.capabilities.OperationTests</className>
          <testName>testBooleanIFFVariables</testName>
          <skipped>false</skipped>
          <failedSince>0</failedSince>
        </case>
        <case>
          <duration>0.962</duration>
          <className>test.net.ssehub.easy.reasoning.sseReasoner.capabilities.OperationTests</className>
          <testName>testValueValidation21IsValid</testName>
          <skipped>false</skipped>
          <failedSince>0</failedSince>
        </case>
        <case>
          <duration>0.959</duration>
          <className>test.net.ssehub.easy.reasoning.sseReasoner.capabilities.OperationTests</className>
          <testName>testRealMAXVariables</testName>
          <skipped>false</skipped>
          <failedSince>0</failedSince>
        </case>
        <case>
          <duration>0.961</duration>
          <className>test.net.ssehub.easy.reasoning.sseReasoner.capabilities.OperationTests</className>
          <testName>testIntegerMODopVariables</testName>
          <skipped>false</skipped>
          <failedSince>0</failedSince>
        </case>
        <case>
          <duration>0.992</duration>
          <className>test.net.ssehub.easy.reasoning.sseReasoner.capabilities.OperationTests</className>
          <testName>testIntegerDIVopVariables</testName>
          <skipped>false</skipped>
          <failedSince>0</failedSince>
        </case>
        <case>
          <duration>0.95</duration>
          <className>test.net.ssehub.easy.reasoning.sseReasoner.capabilities.OperationTests</className>
          <testName>testTypedefNestedInSetInvalid</testName>
          <skipped>false</skipped>
          <failedSince>0</failedSince>
        </case>
        <case>
          <duration>0.962</duration>
          <className>test.net.ssehub.easy.reasoning.sseReasoner.capabilities.OperationTests</className>
          <testName>testValueValidation10IsValid</testName>
          <skipped>false</skipped>
          <failedSince>0</failedSince>
        </case>
        <case>
          <duration>0.955</duration>
          <className>test.net.ssehub.easy.reasoning.sseReasoner.capabilities.OperationTests</className>
          <testName>testIntegerAddVariables</testName>
          <skipped>false</skipped>
          <failedSince>0</failedSince>
        </case>
        <case>
          <duration>0.932</duration>
          <className>test.net.ssehub.easy.reasoning.sseReasoner.capabilities.OperationTests</className>
          <testName>testBooleanXORConstants</testName>
          <skipped>false</skipped>
          <failedSince>0</failedSince>
        </case>
        <case>
          <duration>0.99</duration>
          <className>test.net.ssehub.easy.reasoning.sseReasoner.capabilities.OperationTests</className>
          <testName>testIntegerABSVariables</testName>
          <skipped>false</skipped>
          <failedSince>0</failedSince>
        </case>
        <case>
          <duration>0.957</duration>
          <className>test.net.ssehub.easy.reasoning.sseReasoner.capabilities.OperationTests</className>
          <testName>testRealMINConstants</testName>
          <skipped>false</skipped>
          <failedSince>0</failedSince>
        </case>
        <case>
          <duration>0.938</duration>
          <className>test.net.ssehub.easy.reasoning.sseReasoner.capabilities.OperationTests</className>
          <testName>testAnnotationsToDifferenCompoundSlotsValid</testName>
          <skipped>false</skipped>
          <failedSince>0</failedSince>
        </case>
        <case>
          <duration>0.986</duration>
          <className>test.net.ssehub.easy.reasoning.sseReasoner.capabilities.OperationTests</className>
          <testName>testValueValidation15IsValid</testName>
          <skipped>false</skipped>
          <failedSince>0</failedSince>
        </case>
        <case>
          <duration>0.971</duration>
          <className>test.net.ssehub.easy.reasoning.sseReasoner.capabilities.OperationTests</className>
          <testName>testValueValidation3IsValid</testName>
          <skipped>false</skipped>
          <failedSince>0</failedSince>
        </case>
        <case>
          <duration>0.98</duration>
          <className>test.net.ssehub.easy.reasoning.sseReasoner.capabilities.OperationTests</className>
          <testName>testRealROUNDConstants</testName>
          <skipped>false</skipped>
          <failedSince>0</failedSince>
        </case>
        <case>
          <duration>0.955</duration>
          <className>test.net.ssehub.easy.reasoning.sseReasoner.capabilities.OperationTests</className>
          <testName>testTypedefCompoundNestedInSequenceInvalid1</testName>
          <skipped>false</skipped>
          <failedSince>0</failedSince>
        </case>
        <case>
          <duration>0.954</duration>
          <className>test.net.ssehub.easy.reasoning.sseReasoner.capabilities.OperationTests</className>
          <testName>testTypedefCompoundNestedInSequenceInvalid2</testName>
          <skipped>false</skipped>
          <failedSince>0</failedSince>
        </case>
        <case>
          <duration>1.055</duration>
          <className>test.net.ssehub.easy.reasoning.sseReasoner.capabilities.OperationTests</className>
          <testName>testIntegerEqVariablesFail</testName>
          <skipped>false</skipped>
          <failedSince>0</failedSince>
        </case>
        <case>
          <duration>0.954</duration>
          <className>test.net.ssehub.easy.reasoning.sseReasoner.capabilities.OperationTests</className>
          <testName>testValueValidation8IsValid</testName>
          <skipped>false</skipped>
          <failedSince>0</failedSince>
        </case>
        <case>
          <duration>0.036</duration>
          <className>test.net.ssehub.easy.reasoning.sseReasoner.capabilities.CollectionOperationsTests</className>
          <testName>testCompoundCollectionConstraintInvalid</testName>
          <skipped>false</skipped>
          <failedSince>0</failedSince>
        </case>
        <case>
          <duration>0.023</duration>
          <className>test.net.ssehub.easy.reasoning.sseReasoner.capabilities.CollectionOperationsTests</className>
          <testName>testCompoundCollectionConstraintValid</testName>
          <skipped>false</skipped>
          <failedSince>0</failedSince>
        </case>
        <case>
          <duration>0.03</duration>
          <className>test.net.ssehub.easy.reasoning.sseReasoner.capabilities.StructureTests</className>
          <testName>testCyclingDeclarations</testName>
          <skipped>false</skipped>
          <failedSince>0</failedSince>
        </case>
        <case>
          <duration>0.029</duration>
          <className>test.net.ssehub.easy.reasoning.sseReasoner.capabilities.StructureTests</className>
          <testName>testNestedCycle</testName>
          <skipped>false</skipped>
          <failedSince>0</failedSince>
        </case>
        <case>
          <duration>0.022</duration>
          <className>test.net.ssehub.easy.reasoning.sseReasoner.capabilities.ConstraintVariableTests</className>
          <testName>booleanDefaultFalse</testName>
          <skipped>false</skipped>
          <failedSince>0</failedSince>
        </case>
        <case>
          <duration>0.005</duration>
          <className>test.net.ssehub.easy.reasoning.sseReasoner.capabilities.ConstraintVariableTests</className>
          <testName>falseTest</testName>
          <skipped>false</skipped>
          <failedSince>0</failedSince>
        </case>
        <case>
          <duration>0.012</duration>
          <className>test.net.ssehub.easy.reasoning.sseReasoner.capabilities.ConstraintVariableTests</className>
          <testName>setOfBooleanInCompoundWithDefaultValue</testName>
          <skipped>false</skipped>
          <failedSince>0</failedSince>
        </case>
        <case>
          <duration>0.009</duration>
          <className>test.net.ssehub.easy.reasoning.sseReasoner.capabilities.ConstraintVariableTests</className>
          <testName>constraintInCompoundDefaultTest</testName>
          <skipped>false</skipped>
          <failedSince>0</failedSince>
        </case>
        <case>
          <duration>0.007</duration>
          <className>test.net.ssehub.easy.reasoning.sseReasoner.capabilities.ConstraintVariableTests</className>
          <testName>booleanDefaultFalseInCompound</testName>
          <skipped>false</skipped>
          <failedSince>0</failedSince>
        </case>
        <case>
          <duration>0.006</duration>
          <className>test.net.ssehub.easy.reasoning.sseReasoner.capabilities.ConstraintVariableTests</className>
          <testName>setOfConstraintsInCompoundWithNoDefaultValue</testName>
          <skipped>false</skipped>
          <failedSince>0</failedSince>
        </case>
        <case>
          <duration>0.04</duration>
          <className>test.net.ssehub.easy.reasoning.sseReasoner.capabilities.ConstraintVariableTests</className>
          <testName>setOfConstraintsInCompoundWithEmptyDefaultValue</testName>
          <skipped>false</skipped>
          <failedSince>0</failedSince>
        </case>
        <case>
          <duration>0.01</duration>
          <className>test.net.ssehub.easy.reasoning.sseReasoner.capabilities.ConstraintVariableTests</className>
          <testName>setOfBooleanInCompoundWithNoDefaultValue</testName>
          <skipped>false</skipped>
          <failedSince>0</failedSince>
        </case>
        <case>
          <duration>0.038</duration>
          <className>test.net.ssehub.easy.reasoning.sseReasoner.capabilities.ConstraintVariableTests</className>
          <testName>setOfConstraintsWithDefaultValue</testName>
          <skipped>false</skipped>
          <failedSince>0</failedSince>
        </case>
        <case>
          <duration>0.163</duration>
          <className>test.net.ssehub.easy.reasoning.sseReasoner.capabilities.ConstraintVariableTests</className>
          <testName>compoundConstraintVarOrder</testName>
          <skipped>false</skipped>
          <failedSince>0</failedSince>
        </case>
        <case>
          <duration>0.207</duration>
          <className>test.net.ssehub.easy.reasoning.sseReasoner.capabilities.ConstraintVariableTests</className>
          <testName>refinedConstraintsTest</testName>
          <skipped>false</skipped>
          <failedSince>0</failedSince>
        </case>
        <case>
          <duration>0.005</duration>
          <className>test.net.ssehub.easy.reasoning.sseReasoner.capabilities.ConstraintVariableTests</className>
          <testName>constraintDefaultTest</testName>
          <skipped>false</skipped>
          <failedSince>0</failedSince>
        </case>
        <case>
          <duration>0.009</duration>
          <className>test.net.ssehub.easy.reasoning.sseReasoner.capabilities.ConstraintVariableTests</className>
          <testName>constraintsDerivedTest</testName>
          <skipped>false</skipped>
          <failedSince>0</failedSince>
        </case>
        <case>
          <duration>0.006</duration>
          <className>test.net.ssehub.easy.reasoning.sseReasoner.capabilities.ConstraintVariableTests</className>
          <testName>setOfConstraintsInCompoundWithDefaultValue</testName>
          <skipped>false</skipped>
          <failedSince>0</failedSince>
        </case>
        <case>
          <duration>0.006</duration>
          <className>test.net.ssehub.easy.reasoning.sseReasoner.capabilities.ConstraintVariableTests</className>
          <testName>setOfConstraintsWithNoDefaultValue</testName>
          <skipped>false</skipped>
          <failedSince>0</failedSince>
        </case>
        <case>
          <duration>0.006</duration>
          <className>test.net.ssehub.easy.reasoning.sseReasoner.capabilities.ConstraintVariableTests</className>
          <testName>booleanAssignedFalse</testName>
          <skipped>false</skipped>
          <failedSince>0</failedSince>
        </case>
        <case>
          <duration>0.006</duration>
          <className>test.net.ssehub.easy.reasoning.sseReasoner.capabilities.ConstraintVariableTests</className>
          <testName>setOfConstraintsWithEmptyDefaultValue</testName>
          <skipped>false</skipped>
          <failedSince>0</failedSince>
        </case>
        <case>
          <duration>0.006</duration>
          <className>test.net.ssehub.easy.reasoning.sseReasoner.capabilities.ConstraintVariableTests</className>
          <testName>booleanAssignedFalseInCompound</testName>
          <skipped>false</skipped>
          <failedSince>0</failedSince>
        </case>
        <case>
          <duration>0.006</duration>
          <className>test.net.ssehub.easy.reasoning.sseReasoner.capabilities.ConstraintVariableTests</className>
          <testName>setOfBooleanWithNoDefaultValue</testName>
          <skipped>false</skipped>
          <failedSince>0</failedSince>
        </case>
        <case>
          <duration>0.005</duration>
          <className>test.net.ssehub.easy.reasoning.sseReasoner.capabilities.ConstraintVariableTests</className>
          <testName>constraintInCompoundAssignedTest</testName>
          <skipped>false</skipped>
          <failedSince>0</failedSince>
        </case>
        <case>
          <duration>0.006</duration>
          <className>test.net.ssehub.easy.reasoning.sseReasoner.capabilities.ConstraintVariableTests</className>
          <testName>constraintsInCompoundWithNoDefaultValue</testName>
          <skipped>false</skipped>
          <failedSince>0</failedSince>
        </case>
        <case>
          <duration>0.005</duration>
          <className>test.net.ssehub.easy.reasoning.sseReasoner.capabilities.ConstraintVariableTests</className>
          <testName>setOfBooleanWithDefaultValue</testName>
          <skipped>false</skipped>
          <failedSince>0</failedSince>
        </case>
        <case>
          <duration>0.171</duration>
          <className>test.net.ssehub.easy.reasoning.sseReasoner.capabilities.ConstraintVariableTests</className>
          <testName>changingConstraintsTest</testName>
          <skipped>false</skipped>
          <failedSince>0</failedSince>
        </case>
        <case>
          <duration>0.004</duration>
          <className>test.net.ssehub.easy.reasoning.sseReasoner.capabilities.ConstraintVariableTests</className>
          <testName>constraintAssignedTest</testName>
          <skipped>false</skipped>
          <failedSince>0</failedSince>
        </case>
        <case>
          <duration>0.013</duration>
          <className>test.net.ssehub.easy.reasoning.sseReasoner.capabilities.EvalTests</className>
          <testName>simpleEval</testName>
          <skipped>false</skipped>
          <failedSince>0</failedSince>
        </case>
        <case>
          <duration>0.008</duration>
          <className>test.net.ssehub.easy.reasoning.sseReasoner.capabilities.EvalTests</className>
          <testName>nestedEval</testName>
          <skipped>false</skipped>
          <failedSince>0</failedSince>
        </case>
        <case>
          <duration>0.011</duration>
          <className>test.net.ssehub.easy.reasoning.sseReasoner.capabilities.EvalTests</className>
          <testName>compoundEval</testName>
          <skipped>false</skipped>
          <failedSince>0</failedSince>
        </case>
        <case>
          <duration>2.13</duration>
          <className>test.net.ssehub.easy.reasoning.sseReasoner.qm.QMValidTest</className>
          <testName>coreTest</testName>
          <skipped>false</skipped>
          <failedSince>0</failedSince>
        </case>
        <case>
          <duration>0.783</duration>
          <className>test.net.ssehub.easy.reasoning.sseReasoner.qm.QMHardwareTest1</className>
          <testName>coreTest</testName>
          <skipped>false</skipped>
          <failedSince>0</failedSince>
        </case>
        <case>
          <duration>0.702</duration>
          <className>test.net.ssehub.easy.reasoning.sseReasoner.qm.QMHardwareTest2</className>
          <testName>coreTest</testName>
          <skipped>false</skipped>
          <failedSince>0</failedSince>
        </case>
        <case>
          <duration>0.764</duration>
          <className>test.net.ssehub.easy.reasoning.sseReasoner.qm.QMHardwareTest3</className>
          <testName>coreTest</testName>
          <skipped>false</skipped>
          <failedSince>0</failedSince>
        </case>
        <case>
          <duration>1.063</duration>
          <className>test.net.ssehub.easy.reasoning.sseReasoner.qm.QMAlgorithmsTest1</className>
          <testName>coreTest</testName>
          <skipped>false</skipped>
          <failedSince>0</failedSince>
        </case>
        <case>
          <duration>0.949</duration>
          <className>test.net.ssehub.easy.reasoning.sseReasoner.qm.QMFamiliesTest1</className>
          <testName>coreTest</testName>
          <skipped>false</skipped>
          <failedSince>0</failedSince>
        </case>
        <case>
          <duration>1.003</duration>
          <className>test.net.ssehub.easy.reasoning.sseReasoner.qm.QMFamiliesTest2</className>
          <testName>coreTest</testName>
          <skipped>false</skipped>
          <failedSince>0</failedSince>
        </case>
        <case>
          <duration>1.085</duration>
          <className>test.net.ssehub.easy.reasoning.sseReasoner.qm.QMPipelinesTest1</className>
          <testName>coreTest</testName>
          <skipped>false</skipped>
          <failedSince>0</failedSince>
        </case>
        <case>
          <duration>0.032</duration>
          <className>test.net.ssehub.easy.reasoning.sseReasoner.qm.QMScenarioTests</className>
          <testName>qmHardwareTest</testName>
          <skipped>false</skipped>
          <failedSince>0</failedSince>
        </case>
        <case>
          <duration>0.065</duration>
          <className>test.net.ssehub.easy.reasoning.sseReasoner.qm.QMScenarioTests</className>
          <testName>qmFamilyAlgorithmsFieldsTest</testName>
          <skipped>false</skipped>
          <failedSince>0</failedSince>
        </case>
        <case>
          <duration>0.02</duration>
          <className>test.net.ssehub.easy.reasoning.sseReasoner.qm.QMScenarioTests</className>
          <testName>nestedHardwareTest</testName>
          <skipped>false</skipped>
          <failedSince>0</failedSince>
        </case>
        <case>
          <duration>1.25</duration>
          <className>test.net.ssehub.easy.reasoning.sseReasoner.qm.QMMismatchedTest</className>
          <testName>testMismatchTestFail</testName>
          <skipped>false</skipped>
          <failedSince>0</failedSince>
        </case>
        <case>
          <duration>0.092</duration>
          <className>test.net.ssehub.easy.reasoning.sseReasoner.qm.QMMonTest</className>
          <testName>monTest</testName>
          <skipped>false</skipped>
          <failedSince>0</failedSince>
        </case>
        <case>
          <duration>0.017</duration>
          <className>test.net.ssehub.easy.reasoning.sseReasoner.reasoner.EvaluationIntegrityTest</className>
          <testName>testResolveOfIntegers</testName>
          <skipped>false</skipped>
          <failedSince>0</failedSince>
        </case>
        <case>
          <duration>0.001</duration>
          <className>test.net.ssehub.easy.reasoning.sseReasoner.reasoner.IntegrityTests</className>
          <testName>testImplies</testName>
          <skipped>false</skipped>
          <failedSince>0</failedSince>
        </case>
        <case>
          <duration>0.027</duration>
          <className>test.net.ssehub.easy.reasoning.sseReasoner.reasoner.ReasoningScenarioTests</className>
          <testName>internalConstraintTest</testName>
          <skipped>false</skipped>
          <failedSince>0</failedSince>
        </case>
        <case>
          <duration>0.017</duration>
          <className>test.net.ssehub.easy.reasoning.sseReasoner.reasoner.ReasoningScenarioTests</className>
          <testName>nullTest</testName>
          <skipped>false</skipped>
          <failedSince>0</failedSince>
        </case>
        <case>
          <duration>0.02</duration>
          <className>test.net.ssehub.easy.reasoning.sseReasoner.reasoner.ReasoningScenarioTests</className>
          <testName>refByCompoundCollectionEqualityTest</testName>
          <skipped>false</skipped>
          <failedSince>0</failedSince>
        </case>
        <case>
          <duration>0.02</duration>
          <className>test.net.ssehub.easy.reasoning.sseReasoner.reasoner.ReasoningScenarioTests</className>
          <testName>compoundCollectionEqualityTest</testName>
          <skipped>false</skipped>
          <failedSince>0</failedSince>
        </case>
        <case>
          <duration>0.026</duration>
          <className>test.net.ssehub.easy.reasoning.sseReasoner.reasoner.ReasoningScenarioTests</className>
          <testName>constrainedCompoundTest</testName>
          <skipped>false</skipped>
          <failedSince>0</failedSince>
        </case>
        <case>
          <duration>0.02</duration>
          <className>test.net.ssehub.easy.reasoning.sseReasoner.reasoner.ReasoningScenarioTests</className>
          <testName>nestedVariableReplaceTest</testName>
          <skipped>false</skipped>
          <failedSince>0</failedSince>
        </case>
        <case>
          <duration>0.015</duration>
          <className>test.net.ssehub.easy.reasoning.sseReasoner.reasoner.ReasoningScenarioTests</className>
          <testName>stringCollectionEqualityTest</testName>
          <skipped>false</skipped>
          <failedSince>0</failedSince>
        </case>
        <case>
          <duration>0.022</duration>
          <className>test.net.ssehub.easy.reasoning.sseReasoner.reasoner.ReasoningScenarioTests</className>
          <testName>annotationInitialTest</testName>
          <skipped>false</skipped>
          <failedSince>0</failedSince>
        </case>
        <case>
          <duration>0.028</duration>
          <className>test.net.ssehub.easy.reasoning.sseReasoner.reasoner.ReasoningScenarioTests</className>
          <testName>constraintVariablesTest</testName>
          <skipped>false</skipped>
          <failedSince>0</failedSince>
        </case>
        <case>
          <duration>0.009</duration>
          <className>test.net.ssehub.easy.reasoning.sseReasoner.reasoner.ReasoningScenarioTests</className>
          <testName>compoundEqualityTest</testName>
          <skipped>false</skipped>
          <failedSince>0</failedSince>
        </case>
        <case>
          <duration>0.007</duration>
          <className>test.net.ssehub.easy.reasoning.sseReasoner.reasoner.ReasoningScenarioTests</className>
          <testName>internalConstraintInheritedTest</testName>
          <skipped>false</skipped>
          <failedSince>0</failedSince>
        </case>
        <case>
          <duration>0.008</duration>
          <className>test.net.ssehub.easy.reasoning.sseReasoner.reasoner.ReasoningScenarioTests</className>
          <testName>defaultConstraintReevaluationTest</testName>
          <skipped>false</skipped>
          <failedSince>0</failedSince>
        </case>
        <case>
          <duration>0.009</duration>
          <className>test.net.ssehub.easy.reasoning.sseReasoner.reasoner.ReasoningScenarioTests</className>
          <testName>hasDuplicatesTestTest</testName>
          <skipped>false</skipped>
          <failedSince>0</failedSince>
        </case>
        <case>
          <duration>0.017</duration>
          <className>test.net.ssehub.easy.reasoning.sseReasoner.reasoner.ReasoningScenarioTests</className>
          <testName>internalConstraintCollectionTest</testName>
          <skipped>false</skipped>
          <failedSince>0</failedSince>
        </case>
        <case>
          <duration>0.011</duration>
          <className>test.net.ssehub.easy.reasoning.sseReasoner.reasoner.ReasoningScenarioTests</className>
          <testName>importCoreTest</testName>
          <skipped>false</skipped>
          <failedSince>0</failedSince>
        </case>
        <case>
          <duration>0.022</duration>
          <className>test.net.ssehub.easy.reasoning.sseReasoner.reasoner.ReasoningScenarioTests</className>
          <testName>clearConfigTest</testName>
          <skipped>false</skipped>
          <failedSince>0</failedSince>
        </case>
        <case>
          <duration>0.013</duration>
          <className>test.net.ssehub.easy.reasoning.sseReasoner.reasoner.ReasoningScenarioTests</className>
          <testName>preCollectionTest</testName>
          <skipped>false</skipped>
          <failedSince>0</failedSince>
        </case>
        <case>
          <duration>0.007</duration>
          <className>test.net.ssehub.easy.reasoning.sseReasoner.reasoner.ReasoningScenarioTests</className>
          <testName>freezeTest</testName>
          <skipped>false</skipped>
          <failedSince>0</failedSince>
        </case>
        <case>
          <duration>0.008</duration>
          <className>test.net.ssehub.easy.reasoning.sseReasoner.reasoner.ReasoningScenarioTests</className>
          <testName>annotationAssignedToDifferentCompoundSlotsValid</testName>
          <skipped>false</skipped>
          <failedSince>0</failedSince>
        </case>
        <case>
          <duration>0.015</duration>
          <className>test.net.ssehub.easy.reasoning.sseReasoner.reasoner.ReasoningScenarioTests</className>
          <testName>nullImportTest</testName>
          <skipped>false</skipped>
          <failedSince>0</failedSince>
        </case>
        <case>
          <duration>0.011</duration>
          <className>test.net.ssehub.easy.reasoning.sseReasoner.reasoner.ReasoningScenarioTests</className>
          <testName>internalConstraintCollectionInCompoundTest</testName>
          <skipped>false</skipped>
          <failedSince>0</failedSince>
        </case>
        <case>
          <duration>0.018</duration>
          <className>test.net.ssehub.easy.reasoning.sseReasoner.reasoner.ReasoningScenarioTests</className>
          <testName>refinedCompoundTest</testName>
          <skipped>false</skipped>
          <failedSince>0</failedSince>
        </case>
        <case>
          <duration>0.006</duration>
          <className>test.net.ssehub.easy.reasoning.sseReasoner.reasoner.ReasoningScenarioTests</className>
          <testName>importChildTest</testName>
          <skipped>false</skipped>
          <failedSince>0</failedSince>
        </case>
        <case>
          <duration>0.008</duration>
          <className>test.net.ssehub.easy.reasoning.sseReasoner.reasoner.ReasoningScenarioTests</className>
          <testName>traceTest</testName>
          <skipped>false</skipped>
          <failedSince>0</failedSince>
        </case>
        <case>
          <duration>0.011</duration>
          <className>test.net.ssehub.easy.reasoning.sseReasoner.reasoner.ReasoningScenarioTests</className>
          <testName>variableAssignmentFailTest</testName>
          <skipped>false</skipped>
          <failedSince>0</failedSince>
        </case>
        <case>
          <duration>0.009</duration>
          <className>test.net.ssehub.easy.reasoning.sseReasoner.reasoner.ReasoningScenarioTests</className>
          <testName>initialTest</testName>
          <skipped>false</skipped>
          <failedSince>0</failedSince>
        </case>
        <case>
          <duration>0.009</duration>
          <className>test.net.ssehub.easy.reasoning.sseReasoner.reasoner.ReasoningScenarioTests</className>
          <testName>refToCompoundInSequenceTest</testName>
          <skipped>false</skipped>
          <failedSince>0</failedSince>
        </case>
        <case>
          <duration>0.018</duration>
          <className>test.net.ssehub.easy.reasoning.sseReasoner.reasoner.ReasoningScenarioTests</className>
          <testName>isDefinedTest</testName>
          <skipped>false</skipped>
          <failedSince>0</failedSince>
        </case>
        <case>
          <duration>0.006</duration>
          <className>test.net.ssehub.easy.reasoning.sseReasoner.reasoner.ReasoningScenarioTests</className>
          <testName>isDefinedCompoundTest</testName>
          <skipped>false</skipped>
          <failedSince>0</failedSince>
        </case>
        <case>
          <duration>0.007</duration>
          <className>test.net.ssehub.easy.reasoning.sseReasoner.reasoner.ReasoningScenarioTests</className>
          <testName>internalConstraintInheritedInCompoundTest</testName>
          <skipped>false</skipped>
          <failedSince>0</failedSince>
        </case>
        <case>
          <duration>0.011</duration>
          <className>test.net.ssehub.easy.reasoning.sseReasoner.reasoner.ReasoningScenarioTests</className>
          <testName>internalConstraintStringPaternTest</testName>
          <skipped>false</skipped>
          <failedSince>0</failedSince>
        </case>
        <case>
          <duration>0.01</duration>
          <className>test.net.ssehub.easy.reasoning.sseReasoner.reasoner.ReasoningScenarioTests</className>
          <testName>freezeImportTest</testName>
          <skipped>false</skipped>
          <failedSince>0</failedSince>
        </case>
        <case>
          <duration>0.026</duration>
          <className>test.net.ssehub.easy.reasoning.sseReasoner.reasoner.StressTest</className>
          <testName>testBooleanDefault</testName>
          <skipped>false</skipped>
          <failedSince>0</failedSince>
        </case>
        <case>
          <duration>0.014</duration>
          <className>test.net.ssehub.easy.reasoning.sseReasoner.reasoner.StressTest</className>
          <testName>testNullSize</testName>
          <skipped>false</skipped>
          <failedSince>0</failedSince>
        </case>
        <case>
          <duration>0.009</duration>
          <className>test.net.ssehub.easy.reasoning.sseReasoner.reasoner.StressTest</className>
          <testName>testPropagationSyntax</testName>
          <skipped>false</skipped>
          <failedSince>0</failedSince>
        </case>
        <case>
          <duration>0.013</duration>
          <className>test.net.ssehub.easy.reasoning.sseReasoner.reasoner.StressTest</className>
          <testName>testUndefinedVariableConstraints</testName>
          <skipped>false</skipped>
          <failedSince>0</failedSince>
        </case>
        <case>
          <duration>0.011</duration>
          <className>test.net.ssehub.easy.reasoning.sseReasoner.reasoner.StressTest</className>
          <testName>testConstraintDefaultsFail</testName>
          <skipped>false</skipped>
          <failedSince>0</failedSince>
        </case>
        <case>
          <duration>0.121</duration>
          <className>test.net.ssehub.easy.reasoning.sseReasoner.reasoner.StressTest</className>
          <testName>testConstraintDefaults</testName>
          <skipped>false</skipped>
          <failedSince>0</failedSince>
        </case>
        <case>
          <duration>0.007</duration>
          <className>test.net.ssehub.easy.reasoning.sseReasoner.reasoner.StressTest</className>
          <testName>testIfWithUndefinedValues</testName>
          <skipped>false</skipped>
          <failedSince>0</failedSince>
        </case>
        <case>
          <duration>0.006</duration>
          <className>test.net.ssehub.easy.reasoning.sseReasoner.reasoner.StressTest</className>
          <testName>testBooleanImplies</testName>
          <skipped>false</skipped>
          <failedSince>0</failedSince>
        </case>
        <case>
          <duration>0.005</duration>
          <className>test.net.ssehub.easy.reasoning.sseReasoner.reasoner.StressTest</className>
          <testName>testOutOfBoundsIndex</testName>
          <skipped>false</skipped>
          <failedSince>0</failedSince>
        </case>
        <case>
          <duration>0.005</duration>
          <className>test.net.ssehub.easy.reasoning.sseReasoner.reasoner.StressTest</className>
          <testName>testCompoundRefineConstraints</testName>
          <skipped>false</skipped>
          <failedSince>0</failedSince>
        </case>
        <case>
          <duration>0.006</duration>
          <className>test.net.ssehub.easy.reasoning.sseReasoner.reasoner.StressTest</className>
          <testName>testConstantInCustomOperation</testName>
          <skipped>false</skipped>
          <failedSince>0</failedSince>
        </case>
        <case>
          <duration>0.006</duration>
          <className>test.net.ssehub.easy.reasoning.sseReasoner.reasoner.StressTest</className>
          <testName>testConstraintEvaluation</testName>
          <skipped>false</skipped>
          <failedSince>0</failedSince>
        </case>
        <case>
          <duration>0.023</duration>
          <className>test.net.ssehub.easy.reasoning.sseReasoner.reasoner.StressTest</className>
          <testName>testSetAndSequenceTypedef</testName>
          <skipped>false</skipped>
          <failedSince>0</failedSince>
        </case>
        <case>
          <duration>0.01</duration>
          <className>test.net.ssehub.easy.reasoning.sseReasoner.reasoner.StressTest</className>
          <testName>testCompoundTypedef</testName>
          <skipped>false</skipped>
          <failedSince>0</failedSince>
        </case>
        <case>
          <duration>0.005</duration>
          <className>test.net.ssehub.easy.reasoning.sseReasoner.reasoner.StressTest</className>
          <testName>testTypedefConstraintsInSequences</testName>
          <skipped>false</skipped>
          <failedSince>0</failedSince>
        </case>
        <case>
          <duration>0.005</duration>
          <className>test.net.ssehub.easy.reasoning.sseReasoner.reasoner.StressTest</className>
          <testName>testUndefinedVariables</testName>
          <skipped>false</skipped>
          <failedSince>0</failedSince>
        </case>
        <case>
          <duration>0.004</duration>
          <className>test.net.ssehub.easy.reasoning.sseReasoner.reasoner.CodedTests</className>
          <testName>freezeCompoundTest</testName>
          <skipped>false</skipped>
          <failedSince>0</failedSince>
        </case>
        <case>
          <duration>0.006</duration>
          <className>test.net.ssehub.easy.reasoning.sseReasoner.reasoner.CodedTests</className>
          <testName>testBooleanIplication</testName>
          <skipped>false</skipped>
          <failedSince>0</failedSince>
        </case>
        <case>
          <duration>0.023</duration>
          <className>test.net.ssehub.easy.reasoning.sseReasoner.reasoner.BooleanTests</className>
          <testName>booleanDefaultsTest</testName>
          <skipped>false</skipped>
          <failedSince>0</failedSince>
        </case>
        <case>
          <duration>0.021</duration>
          <className>test.net.ssehub.easy.reasoning.sseReasoner.reasoner.BooleanTests</className>
          <testName>booleanReferenceAssignTest</testName>
          <skipped>false</skipped>
          <failedSince>0</failedSince>
        </case>
        <case>
          <duration>0.017</duration>
          <className>test.net.ssehub.easy.reasoning.sseReasoner.reasoner.BooleanTests</className>
          <testName>booleanAssignTest</testName>
          <skipped>false</skipped>
          <failedSince>0</failedSince>
        </case>
        <case>
          <duration>0.029</duration>
          <className>test.net.ssehub.easy.reasoning.sseReasoner.reasoner.BooleanTests</className>
          <testName>booleanInCollectionAssignTest</testName>
          <skipped>false</skipped>
          <failedSince>0</failedSince>
        </case>
        <case>
          <duration>0.018</duration>
          <className>test.net.ssehub.easy.reasoning.sseReasoner.reasoner.BooleanTests</className>
          <testName>booleanInCompoundDefaultsTest</testName>
          <skipped>false</skipped>
          <failedSince>0</failedSince>
        </case>
        <case>
          <duration>0.012</duration>
          <className>test.net.ssehub.easy.reasoning.sseReasoner.reasoner.BooleanTests</className>
          <testName>booleanInCollectionDefaultsTest</testName>
          <skipped>false</skipped>
          <failedSince>0</failedSince>
        </case>
        <case>
          <duration>0.027</duration>
          <className>test.net.ssehub.easy.reasoning.sseReasoner.reasoner.BooleanTests</className>
          <testName>carExampleTest</testName>
          <skipped>false</skipped>
          <failedSince>0</failedSince>
        </case>
        <case>
          <duration>0.017</duration>
          <className>test.net.ssehub.easy.reasoning.sseReasoner.reasoner.BooleanTests</className>
          <testName>booleanImpliesTest</testName>
          <skipped>false</skipped>
          <failedSince>0</failedSince>
        </case>
        <case>
          <duration>0.016</duration>
          <className>test.net.ssehub.easy.reasoning.sseReasoner.reasoner.BooleanTests</className>
          <testName>booleanInCompoundAssignTest</testName>
          <skipped>false</skipped>
          <failedSince>0</failedSince>
        </case>
        <case>
          <duration>0.027</duration>
          <className>test.net.ssehub.easy.reasoning.sseReasoner.reasoner.BooleanTests</className>
          <testName>booleanAnnotationTest</testName>
          <skipped>false</skipped>
          <failedSince>0</failedSince>
        </case>
        <case>
          <duration>0.007</duration>
          <className>test.net.ssehub.easy.reasoning.sseReasoner.reasoner.BooleanTests</className>
          <testName>booleanInCompoundImpliesTest</testName>
          <skipped>false</skipped>
          <failedSince>0</failedSince>
        </case>
        <case>
          <duration>0.08</duration>
          <className>test.net.ssehub.easy.reasoning.sseReasoner.reasoner.RealTests</className>
          <testName>testConstraintDefaults</testName>
          <skipped>false</skipped>
          <failedSince>0</failedSince>
        </case>
        <case>
          <duration>0.011</duration>
          <className>test.net.ssehub.easy.reasoning.sseReasoner.reasoner.RealTests</className>
          <testName>realAnnotationTest</testName>
          <skipped>false</skipped>
          <failedSince>0</failedSince>
        </case>
        <case>
          <duration>0.006</duration>
          <className>test.net.ssehub.easy.reasoning.sseReasoner.reasoner.RealTests</className>
          <testName>realDefaultsTest</testName>
          <skipped>false</skipped>
          <failedSince>0</failedSince>
        </case>
        <case>
          <duration>0.007</duration>
          <className>test.net.ssehub.easy.reasoning.sseReasoner.reasoner.RealTests</className>
          <testName>realInCompoundAssignTest</testName>
          <skipped>false</skipped>
          <failedSince>0</failedSince>
        </case>
        <case>
          <duration>0.008</duration>
          <className>test.net.ssehub.easy.reasoning.sseReasoner.reasoner.RealTests</className>
          <testName>referenceDerivedRealTest</testName>
          <skipped>false</skipped>
          <failedSince>0</failedSince>
        </case>
        <case>
          <duration>0.008</duration>
          <className>test.net.ssehub.easy.reasoning.sseReasoner.reasoner.RealTests</className>
          <testName>realAssignTest</testName>
          <skipped>false</skipped>
          <failedSince>0</failedSince>
        </case>
        <case>
          <duration>0.007</duration>
          <className>test.net.ssehub.easy.reasoning.sseReasoner.reasoner.RealTests</className>
          <testName>realReferenceAssignTest</testName>
          <skipped>false</skipped>
          <failedSince>0</failedSince>
        </case>
        <case>
          <duration>0.011</duration>
          <className>test.net.ssehub.easy.reasoning.sseReasoner.reasoner.RealTests</className>
          <testName>realInCollectionAssignTest</testName>
          <skipped>false</skipped>
          <failedSince>0</failedSince>
        </case>
        <case>
          <duration>0.007</duration>
          <className>test.net.ssehub.easy.reasoning.sseReasoner.reasoner.RealTests</className>
          <testName>realInCompoundDefaultsTest</testName>
          <skipped>false</skipped>
          <failedSince>0</failedSince>
        </case>
        <case>
          <duration>0.01</duration>
          <className>test.net.ssehub.easy.reasoning.sseReasoner.reasoner.RealTests</className>
          <testName>realInCollectionDefaultsTest</testName>
          <skipped>false</skipped>
          <failedSince>0</failedSince>
        </case>
        <case>
          <duration>0.009</duration>
          <className>test.net.ssehub.easy.reasoning.sseReasoner.reasoner.StringTests</className>
          <testName>stringInCompoundAssignTest</testName>
          <skipped>false</skipped>
          <failedSince>0</failedSince>
        </case>
        <case>
          <duration>0.012</duration>
          <className>test.net.ssehub.easy.reasoning.sseReasoner.reasoner.StringTests</className>
          <testName>stringInCollectionDefaultsTest</testName>
          <skipped>false</skipped>
          <failedSince>0</failedSince>
        </case>
        <case>
          <duration>0.012</duration>
          <className>test.net.ssehub.easy.reasoning.sseReasoner.reasoner.StringTests</className>
          <testName>stringInCollectionAssignTest</testName>
          <skipped>false</skipped>
          <failedSince>0</failedSince>
        </case>
        <case>
          <duration>0.008</duration>
          <className>test.net.ssehub.easy.reasoning.sseReasoner.reasoner.StringTests</className>
          <testName>stringInCompoundDefaultsTest</testName>
          <skipped>false</skipped>
          <failedSince>0</failedSince>
        </case>
        <case>
          <duration>0.008</duration>
          <className>test.net.ssehub.easy.reasoning.sseReasoner.reasoner.StringTests</className>
          <testName>stringReferenceAssignTest</testName>
          <skipped>false</skipped>
          <failedSince>0</failedSince>
        </case>
        <case>
          <duration>0.018</duration>
          <className>test.net.ssehub.easy.reasoning.sseReasoner.reasoner.StringTests</className>
          <testName>stringAnnotationTest</testName>
          <skipped>false</skipped>
          <failedSince>0</failedSince>
        </case>
        <case>
          <duration>0.005</duration>
          <className>test.net.ssehub.easy.reasoning.sseReasoner.reasoner.StringTests</className>
          <testName>stringDefaultsTest</testName>
          <skipped>false</skipped>
          <failedSince>0</failedSince>
        </case>
        <case>
          <duration>0.007</duration>
          <className>test.net.ssehub.easy.reasoning.sseReasoner.reasoner.StringTests</className>
          <testName>stringAssignTest</testName>
          <skipped>false</skipped>
          <failedSince>0</failedSince>
        </case>
        <case>
          <duration>0.009</duration>
          <className>test.net.ssehub.easy.reasoning.sseReasoner.reasoner.StringTests</className>
          <testName>referenceDerivedStringTest</testName>
          <skipped>false</skipped>
          <failedSince>0</failedSince>
        </case>
        <case>
          <duration>0.042</duration>
          <className>test.net.ssehub.easy.reasoning.sseReasoner.reasoner.IntegerTests</className>
          <testName>referenceDerivedIntegerTest</testName>
          <skipped>false</skipped>
          <failedSince>0</failedSince>
        </case>
        <case>
          <duration>0.056</duration>
          <className>test.net.ssehub.easy.reasoning.sseReasoner.reasoner.IntegerTests</className>
          <testName>integerDefaultsTest</testName>
          <skipped>false</skipped>
          <failedSince>0</failedSince>
        </case>
        <case>
          <duration>0.007</duration>
          <className>test.net.ssehub.easy.reasoning.sseReasoner.reasoner.IntegerTests</className>
          <testName>integerAssignTest</testName>
          <skipped>false</skipped>
          <failedSince>0</failedSince>
        </case>
        <case>
          <duration>0.015</duration>
          <className>test.net.ssehub.easy.reasoning.sseReasoner.reasoner.IntegerTests</className>
          <testName>integerReferenceAssignTest</testName>
          <skipped>false</skipped>
          <failedSince>0</failedSince>
        </case>
        <case>
          <duration>0.017</duration>
          <className>test.net.ssehub.easy.reasoning.sseReasoner.reasoner.IntegerTests</className>
          <testName>integerAnnotationTest</testName>
          <skipped>false</skipped>
          <failedSince>0</failedSince>
        </case>
        <case>
          <duration>0.006</duration>
          <className>test.net.ssehub.easy.reasoning.sseReasoner.reasoner.IntegerTests</className>
          <testName>variableFailTest</testName>
          <skipped>false</skipped>
          <failedSince>0</failedSince>
        </case>
        <case>
          <duration>0.012</duration>
          <className>test.net.ssehub.easy.reasoning.sseReasoner.reasoner.IntegerTests</className>
          <testName>integerInCollectionAssignTest</testName>
          <skipped>false</skipped>
          <failedSince>0</failedSince>
        </case>
        <case>
          <duration>0.011</duration>
          <className>test.net.ssehub.easy.reasoning.sseReasoner.reasoner.IntegerTests</className>
          <testName>integerInCollectionDefaultsTest</testName>
          <skipped>false</skipped>
          <failedSince>0</failedSince>
        </case>
        <case>
          <duration>0.008</duration>
          <className>test.net.ssehub.easy.reasoning.sseReasoner.reasoner.IntegerTests</className>
          <testName>integerInCompoundDefaultsTest</testName>
          <skipped>false</skipped>
          <failedSince>0</failedSince>
        </case>
        <case>
          <duration>0.009</duration>
          <className>test.net.ssehub.easy.reasoning.sseReasoner.reasoner.IntegerTests</className>
          <testName>integerInCompoundAssignTest</testName>
          <skipped>false</skipped>
          <failedSince>0</failedSince>
        </case>
        <case>
          <duration>0.031</duration>
          <className>test.net.ssehub.easy.reasoning.sseReasoner.reasoner.EnumTests</className>
          <testName>orderedEnumReferenceAssignTest</testName>
          <skipped>false</skipped>
          <failedSince>0</failedSince>
        </case>
        <case>
          <duration>0.019</duration>
          <className>test.net.ssehub.easy.reasoning.sseReasoner.reasoner.EnumTests</className>
          <testName>enumAnnotationTest</testName>
          <skipped>false</skipped>
          <failedSince>0</failedSince>
        </case>
        <case>
          <duration>0.023</duration>
          <className>test.net.ssehub.easy.reasoning.sseReasoner.reasoner.EnumTests</className>
          <testName>enumInCollectionAssignTest</testName>
          <skipped>false</skipped>
          <failedSince>0</failedSince>
        </case>
        <case>
          <duration>0.017</duration>
          <className>test.net.ssehub.easy.reasoning.sseReasoner.reasoner.EnumTests</className>
          <testName>enumInCollectionDefaultsTest</testName>
          <skipped>false</skipped>
          <failedSince>0</failedSince>
        </case>
        <case>
          <duration>0.02</duration>
          <className>test.net.ssehub.easy.reasoning.sseReasoner.reasoner.EnumTests</className>
          <testName>referenceDerivedEnumTest</testName>
          <skipped>false</skipped>
          <failedSince>0</failedSince>
        </case>
        <case>
          <duration>0.014</duration>
          <className>test.net.ssehub.easy.reasoning.sseReasoner.reasoner.EnumTests</className>
          <testName>enumInCompoundDefaultsTest</testName>
          <skipped>false</skipped>
          <failedSince>0</failedSince>
        </case>
        <case>
          <duration>0.018</duration>
          <className>test.net.ssehub.easy.reasoning.sseReasoner.reasoner.EnumTests</className>
          <testName>orderedEnumInCollectionAssignTest</testName>
          <skipped>false</skipped>
          <failedSince>0</failedSince>
        </case>
        <case>
          <duration>0.014</duration>
          <className>test.net.ssehub.easy.reasoning.sseReasoner.reasoner.EnumTests</className>
          <testName>orderedEnumInCompoundDefaultsTest</testName>
          <skipped>false</skipped>
          <failedSince>0</failedSince>
        </case>
        <case>
          <duration>0.009</duration>
          <className>test.net.ssehub.easy.reasoning.sseReasoner.reasoner.EnumTests</className>
          <testName>enumReferenceAssignTest</testName>
          <skipped>false</skipped>
          <failedSince>0</failedSince>
        </case>
        <case>
          <duration>0.017</duration>
          <className>test.net.ssehub.easy.reasoning.sseReasoner.reasoner.EnumTests</className>
          <testName>orderedEnumInCollectionDefaultsTest</testName>
          <skipped>false</skipped>
          <failedSince>0</failedSince>
        </case>
        <case>
          <duration>0.008</duration>
          <className>test.net.ssehub.easy.reasoning.sseReasoner.reasoner.EnumTests</className>
          <testName>orderedEnumDefaultsTest</testName>
          <skipped>false</skipped>
          <failedSince>0</failedSince>
        </case>
        <case>
          <duration>0.007</duration>
          <className>test.net.ssehub.easy.reasoning.sseReasoner.reasoner.EnumTests</className>
          <testName>enumAssignTest</testName>
          <skipped>false</skipped>
          <failedSince>0</failedSince>
        </case>
        <case>
          <duration>0.007</duration>
          <className>test.net.ssehub.easy.reasoning.sseReasoner.reasoner.EnumTests</className>
          <testName>enumDefaultsTest</testName>
          <skipped>false</skipped>
          <failedSince>0</failedSince>
        </case>
        <case>
          <duration>0.008</duration>
          <className>test.net.ssehub.easy.reasoning.sseReasoner.reasoner.EnumTests</className>
          <testName>orderedEnumInCompoundAssignTest</testName>
          <skipped>false</skipped>
          <failedSince>0</failedSince>
        </case>
        <case>
          <duration>0.018</duration>
          <className>test.net.ssehub.easy.reasoning.sseReasoner.reasoner.EnumTests</className>
          <testName>orderdEnumAnnotationTest</testName>
          <skipped>false</skipped>
          <failedSince>0</failedSince>
        </case>
        <case>
          <duration>0.006</duration>
          <className>test.net.ssehub.easy.reasoning.sseReasoner.reasoner.EnumTests</className>
          <testName>enumInCompoundAssignTest</testName>
          <skipped>false</skipped>
          <failedSince>0</failedSince>
        </case>
        <case>
          <duration>0.008</duration>
          <className>test.net.ssehub.easy.reasoning.sseReasoner.reasoner.EnumTests</className>
          <testName>orderedEnumAssignTest</testName>
          <skipped>false</skipped>
          <failedSince>0</failedSince>
        </case>
        <case>
          <duration>0.009</duration>
          <className>test.net.ssehub.easy.reasoning.sseReasoner.reasoner.CompoundTests</className>
          <testName>compoundAnnotationTest2</testName>
          <skipped>false</skipped>
          <failedSince>0</failedSince>
        </case>
        <case>
          <duration>0.22</duration>
          <className>test.net.ssehub.easy.reasoning.sseReasoner.reasoner.CompoundTests</className>
          <testName>changingValuesTest</testName>
          <skipped>false</skipped>
          <failedSince>0</failedSince>
        </case>
        <case>
          <duration>0.008</duration>
          <className>test.net.ssehub.easy.reasoning.sseReasoner.reasoner.CompoundTests</className>
          <testName>compoundCompoundTest1</testName>
          <skipped>false</skipped>
          <failedSince>0</failedSince>
        </case>
        <case>
          <duration>0.008</duration>
          <className>test.net.ssehub.easy.reasoning.sseReasoner.reasoner.CompoundTests</className>
          <testName>compoundCompoundTest2</testName>
          <skipped>false</skipped>
          <failedSince>0</failedSince>
        </case>
        <case>
          <duration>0.01</duration>
          <className>test.net.ssehub.easy.reasoning.sseReasoner.reasoner.CompoundTests</className>
          <testName>compoundReferenceAssignTest1</testName>
          <skipped>false</skipped>
          <failedSince>0</failedSince>
        </case>
        <case>
          <duration>0.012</duration>
          <className>test.net.ssehub.easy.reasoning.sseReasoner.reasoner.CompoundTests</className>
          <testName>compoundReferenceAssignTest3</testName>
          <skipped>false</skipped>
          <failedSince>0</failedSince>
        </case>
        <case>
          <duration>0.015</duration>
          <className>test.net.ssehub.easy.reasoning.sseReasoner.reasoner.CompoundTests</className>
          <testName>referenceDerivedCompoundTest</testName>
          <skipped>false</skipped>
          <failedSince>0</failedSince>
        </case>
        <case>
          <duration>0.012</duration>
          <className>test.net.ssehub.easy.reasoning.sseReasoner.reasoner.CompoundTests</className>
          <testName>compoundShadowingTest</testName>
          <skipped>false</skipped>
          <failedSince>0</failedSince>
        </case>
        <case>
          <duration>0.018</duration>
          <className>test.net.ssehub.easy.reasoning.sseReasoner.reasoner.CompoundTests</className>
          <testName>compoundContainerTest1</testName>
          <skipped>false</skipped>
          <failedSince>0</failedSince>
        </case>
        <case>
          <duration>0.014</duration>
          <className>test.net.ssehub.easy.reasoning.sseReasoner.reasoner.CompoundTests</className>
          <testName>compoundContainerTest2</testName>
          <skipped>false</skipped>
          <failedSince>0</failedSince>
        </case>
        <case>
          <duration>0.021</duration>
          <className>test.net.ssehub.easy.reasoning.sseReasoner.reasoner.CompoundTests</className>
          <testName>derivedCompoundAnnotationTest</testName>
          <skipped>false</skipped>
          <failedSince>0</failedSince>
        </case>
        <case>
          <duration>0.008</duration>
          <className>test.net.ssehub.easy.reasoning.sseReasoner.reasoner.CompoundTests</className>
          <testName>compoundReferenceAssignTest2Fail</testName>
          <skipped>false</skipped>
          <failedSince>0</failedSince>
        </case>
        <case>
          <duration>0.019</duration>
          <className>test.net.ssehub.easy.reasoning.sseReasoner.reasoner.CompoundTests</className>
          <testName>compoundAnnotationTest</testName>
          <skipped>false</skipped>
          <failedSince>0</failedSince>
        </case>
        <case>
          <duration>0.02</duration>
          <className>test.net.ssehub.easy.reasoning.sseReasoner.reasoner.CompoundTests</className>
          <testName>referenceCompoundAnnotationTest</testName>
          <skipped>false</skipped>
          <failedSince>0</failedSince>
        </case>
        <case>
          <duration>0.146</duration>
          <className>test.net.ssehub.easy.reasoning.sseReasoner.reasoner.CompoundTests</className>
          <testName>slotReassignmentTest</testName>
          <skipped>false</skipped>
          <failedSince>0</failedSince>
        </case>
        <case>
          <duration>0.008</duration>
          <className>test.net.ssehub.easy.reasoning.sseReasoner.reasoner.CompoundTests</className>
          <testName>compoundConstraintTest</testName>
          <skipped>false</skipped>
          <failedSince>0</failedSince>
        </case>
        <case>
          <duration>0.015</duration>
          <className>test.net.ssehub.easy.reasoning.sseReasoner.reasoner.InterfaceTests</className>
          <testName>unfrozenTest</testName>
          <skipped>false</skipped>
          <failedSince>0</failedSince>
        </case>
        <case>
          <duration>0.011</duration>
          <className>test.net.ssehub.easy.reasoning.sseReasoner.reasoner.InterfaceTests</className>
          <testName>frozenTest</testName>
          <skipped>false</skipped>
          <failedSince>0</failedSince>
        </case>
        <case>
          <duration>0.041</duration>
          <className>test.net.ssehub.easy.reasoning.sseReasoner.reasoner.ApplicationsTests</className>
          <testName>plSimElevatorTestFail</testName>
          <skipped>false</skipped>
          <failedSince>0</failedSince>
        </case>
        <case>
          <duration>0.085</duration>
          <className>test.net.ssehub.easy.reasoning.sseReasoner.reasoner.ApplicationsTests</className>
          <testName>plSimElevatorTest</testName>
          <skipped>false</skipped>
          <failedSince>0</failedSince>
        </case>
        <case>
          <duration>0.004</duration>
          <className>test.net.ssehub.easy.reasoning.sseReasoner.reasoner.TypeCacheTests</className>
          <testName>testTypeCache</testName>
          <skipped>false</skipped>
          <failedSince>0</failedSince>
        </case>
        <case>
          <duration>0.009</duration>
          <className>test.net.ssehub.easy.reasoning.sseReasoner.performance.CaseStudyStats</className>
          <testName>compoundSimpleAssignments</testName>
          <skipped>false</skipped>
          <failedSince>0</failedSince>
        </case>
        <case>
          <duration>0.008</duration>
          <className>test.net.ssehub.easy.reasoning.sseReasoner.performance.CaseStudyStats</className>
          <testName>typedefCollections</testName>
          <skipped>false</skipped>
          <failedSince>0</failedSince>
        </case>
        <case>
          <duration>0.022</duration>
          <className>test.net.ssehub.easy.reasoning.sseReasoner.performance.CaseStudyStats</className>
          <testName>compoundConstraintsInCollection</testName>
          <skipped>false</skipped>
          <failedSince>0</failedSince>
        </case>
        <case>
          <duration>0.013</duration>
          <className>test.net.ssehub.easy.reasoning.sseReasoner.performance.CaseStudyStats</className>
          <testName>compoundSimpleAssignmentsWithConstraintVar</testName>
          <skipped>false</skipped>
          <failedSince>0</failedSince>
        </case>
        <case>
          <duration>0.011</duration>
          <className>test.net.ssehub.easy.reasoning.sseReasoner.performance.CaseStudyStats</className>
          <testName>typedefCollectionsInCompound</testName>
          <skipped>false</skipped>
          <failedSince>0</failedSince>
        </case>
        <case>
          <duration>0.009</duration>
          <className>test.net.ssehub.easy.reasoning.sseReasoner.performance.CaseStudyStats</className>
          <testName>simpleAssignments</testName>
          <skipped>false</skipped>
          <failedSince>0</failedSince>
        </case>
        <case>
          <duration>0.009</duration>
          <className>test.net.ssehub.easy.reasoning.sseReasoner.performance.CaseStudyStats</className>
          <testName>simpleAssignmentsWithConstraintVar</testName>
          <skipped>false</skipped>
          <failedSince>0</failedSince>
        </case>
        <case>
          <duration>0.032</duration>
          <className>test.net.ssehub.easy.reasoning.sseReasoner.performance.CaseStudyStats</className>
          <testName>compoundConstraintsInCollectionWithConstraintVars</testName>
          <skipped>false</skipped>
          <failedSince>0</failedSince>
        </case>
        <case>
          <duration>22.532</duration>
          <className>test.net.ssehub.easy.reasoning.sseReasoner.performance.GeneratedStats</className>
          <testName>gr11</testName>
          <skipped>false</skipped>
          <failedSince>0</failedSince>
        </case>
        <case>
          <duration>7.643</duration>
          <className>test.net.ssehub.easy.reasoning.sseReasoner.performance.GeneratedStats</className>
          <testName>gr12</testName>
          <skipped>false</skipped>
          <failedSince>0</failedSince>
        </case>
        <case>
          <duration>0.013</duration>
          <className>test.net.ssehub.easy.reasoning.sseReasoner.performance.HistoryStats</className>
          <testName>historyStatsTest</testName>
          <skipped>false</skipped>
          <failedSince>0</failedSince>
        </case>
      </cases>
    </suite>
  </suites>
  <duration>171.741</duration>
  <keepLongStdio>false</keepLongStdio>
</result>