<?xml version='1.1' encoding='UTF-8'?>
<result plugin="junit@1.27">
  <suites>
    <suite>
      <file>/var/lib/jenkins/workspace/QM_Events/result.xml</file>
      <name>tests.eu.qualimaster.AllTests</name>
      <stdout>Reading /var/lib/jenkins/workspace/QM_Events/testdata/test.properties
Direct test
523  [main] INFO  eu.qualimaster.Configuration - The configured pipeline ports: 63000-64000
Replay test
537  [main] INFO  eu.qualimaster.Configuration - The configured pipeline ports: 63000-64000
Reconfiguring infrastructure settings: {eventBus.port=2999, pipelines.ports=63000-64000, zookeeper.host=localhost,myserver.de, watcher.waiting.time=100, monitoring.volume.enabled=true, zookeeper.retry.times=5, zookeeper.po
...[truncated 128944 chars]...
alimaster.events.EventManager - dispatching TestEvent workerId: 2 eventId: 9 
51580 [Thread-38] INFO  eu.qualimaster.events.EventManager - received TestEvent workerId: 3 eventId: 9 
51581 [Thread-38] INFO  eu.qualimaster.events.EventManager - dispatching TestEvent workerId: 3 eventId: 9 
51581 [Thread-41] INFO  eu.qualimaster.events.EventManager - received TestEvent workerId: 6 eventId: 9 
51581 [Thread-41] INFO  eu.qualimaster.events.EventManager - dispatching TestEvent workerId: 6 eventId: 9 
</stdout>
      <stderr></stderr>
      <duration>52.699</duration>
      <timestamp>2019-05-05T15:21:37</timestamp>
      <time>52.699</time>
      <enclosingBlocks/>
      <enclosingBlockNames/>
      <cases>
        <case>
          <duration>0.584</duration>
          <className>tests.eu.qualimaster.ConfigurationTests</className>
          <testName>configurationTest</testName>
          <skipped>false</skipped>
          <failedSince>0</failedSince>
        </case>
        <case>
          <duration>0.001</duration>
          <className>tests.eu.qualimaster.ConfigurationTests</className>
          <testName>testConfigurationOption</testName>
          <skipped>false</skipped>
          <failedSince>0</failedSince>
        </case>
        <case>
          <duration>0.051</duration>
          <className>tests.eu.qualimaster.ConfigurationTests</className>
          <testName>testUtilities</testName>
          <skipped>false</skipped>
          <failedSince>0</failedSince>
        </case>
        <case>
          <duration>1.142</duration>
          <className>tests.eu.qualimaster.events.EventHandlerTests</className>
          <testName>testSuperClassHandler</testName>
          <skipped>false</skipped>
          <failedSince>0</failedSince>
        </case>
        <case>
          <duration>0.007</duration>
          <className>tests.eu.qualimaster.events.EventHandlerTests</className>
          <testName>testEventManagerNotStarted</testName>
          <skipped>false</skipped>
          <failedSince>0</failedSince>
        </case>
        <case>
          <duration>1.21</duration>
          <className>tests.eu.qualimaster.events.EventHandlerTests</className>
          <testName>testChannelHandler</testName>
          <skipped>false</skipped>
          <failedSince>0</failedSince>
        </case>
        <case>
          <duration>1.106</duration>
          <className>tests.eu.qualimaster.events.EventHandlerTests</className>
          <testName>testEventManagerStartStop</testName>
          <skipped>false</skipped>
          <failedSince>0</failedSince>
        </case>
        <case>
          <duration>1.106</duration>
          <className>tests.eu.qualimaster.events.EventHandlerTests</className>
          <testName>testEventManagerStartUnregister</testName>
          <skipped>false</skipped>
          <failedSince>0</failedSince>
        </case>
        <case>
          <duration>0.007</duration>
          <className>tests.eu.qualimaster.events.EventsTests</className>
          <testName>testMonitoringEvents</testName>
          <skipped>false</skipped>
          <failedSince>0</failedSince>
        </case>
        <case>
          <duration>0.001</duration>
          <className>tests.eu.qualimaster.events.EventsTests</className>
          <testName>testHardwareEvents</testName>
          <skipped>false</skipped>
          <failedSince>0</failedSince>
        </case>
        <case>
          <duration>0.003</duration>
          <className>tests.eu.qualimaster.events.EventsTests</className>
          <testName>testLoggingEvents</testName>
          <skipped>false</skipped>
          <failedSince>0</failedSince>
        </case>
        <case>
          <duration>5.137</duration>
          <className>tests.eu.qualimaster.events.EventsTests</className>
          <testName>testEventSender</testName>
          <skipped>false</skipped>
          <failedSince>0</failedSince>
        </case>
        <case>
          <duration>0.002</duration>
          <className>tests.eu.qualimaster.events.EventsTests</className>
          <testName>testSourceMonitoringEvents</testName>
          <skipped>false</skipped>
          <failedSince>0</failedSince>
        </case>
        <case>
          <duration>0.008</duration>
          <className>tests.eu.qualimaster.events.EventsTests</className>
          <testName>testAdaptationEvents</testName>
          <skipped>false</skipped>
          <failedSince>0</failedSince>
        </case>
        <case>
          <duration>0.001</duration>
          <className>tests.eu.qualimaster.events.EventsTests</className>
          <testName>testEndOfDataEvent</testName>
          <skipped>false</skipped>
          <failedSince>0</failedSince>
        </case>
        <case>
          <duration>0.001</duration>
          <className>tests.eu.qualimaster.events.EventsTests</className>
          <testName>testPlatformMonitoringEvents</testName>
          <skipped>false</skipped>
          <failedSince>0</failedSince>
        </case>
        <case>
          <duration>0.0</duration>
          <className>tests.eu.qualimaster.events.EventsTests</className>
          <testName>testInfrastructurePart</testName>
          <skipped>false</skipped>
          <failedSince>0</failedSince>
        </case>
        <case>
          <duration>0.004</duration>
          <className>tests.eu.qualimaster.events.EventsTests</className>
          <testName>testMonitoringEvents2</testName>
          <skipped>false</skipped>
          <failedSince>0</failedSince>
        </case>
        <case>
          <duration>0.002</duration>
          <className>tests.eu.qualimaster.events.EventsTests</className>
          <testName>testLifecycleEvent</testName>
          <skipped>false</skipped>
          <failedSince>0</failedSince>
        </case>
        <case>
          <duration>0.003</duration>
          <className>tests.eu.qualimaster.events.EventsTests</className>
          <testName>testAlgorithmEvents</testName>
          <skipped>false</skipped>
          <failedSince>0</failedSince>
        </case>
        <case>
          <duration>0.128</duration>
          <className>tests.eu.qualimaster.events.RemoteHandlerTests</className>
          <testName>testLocal</testName>
          <skipped>false</skipped>
          <failedSince>0</failedSince>
        </case>
        <case>
          <duration>5.238</duration>
          <className>tests.eu.qualimaster.events.RemoteHandlerTests</className>
          <testName>testForward</testName>
          <skipped>false</skipped>
          <failedSince>0</failedSince>
        </case>
        <case>
          <duration>0.105</duration>
          <className>tests.eu.qualimaster.events.RemoteHandlerTests</className>
          <testName>testLocalAsync</testName>
          <skipped>false</skipped>
          <failedSince>0</failedSince>
        </case>
        <case>
          <duration>0.109</duration>
          <className>tests.eu.qualimaster.events.RemoteHandlerTests</className>
          <testName>testLocalUnstarted</testName>
          <skipped>false</skipped>
          <failedSince>0</failedSince>
        </case>
        <case>
          <duration>5.208</duration>
          <className>tests.eu.qualimaster.events.RemoteHandlerTests</className>
          <testName>testRemote</testName>
          <skipped>false</skipped>
          <failedSince>0</failedSince>
        </case>
        <case>
          <duration>0.417</duration>
          <className>tests.eu.qualimaster.events.PipelineStatusTrackerTest</className>
          <testName>testPiplineStatusTracker</testName>
          <skipped>false</skipped>
          <failedSince>0</failedSince>
        </case>
        <case>
          <duration>5.115</duration>
          <className>tests.eu.qualimaster.events.ForwardTests</className>
          <testName>testSynchronousStore</testName>
          <skipped>false</skipped>
          <failedSince>0</failedSince>
        </case>
        <case>
          <duration>5.803</duration>
          <className>tests.eu.qualimaster.events.ForwardTests</className>
          <testName>testTimerHandler</testName>
          <skipped>false</skipped>
          <failedSince>0</failedSince>
        </case>
        <case>
          <duration>5.72</duration>
          <className>tests.eu.qualimaster.events.ForwardTests</className>
          <testName>testRequestResponseClient</testName>
          <skipped>false</skipped>
          <failedSince>0</failedSince>
        </case>
        <case>
          <duration>5.714</duration>
          <className>tests.eu.qualimaster.events.ForwardTests</className>
          <testName>testRequestResponseServer</testName>
          <skipped>false</skipped>
          <failedSince>0</failedSince>
        </case>
        <case>
          <duration>0.0</duration>
          <className>tests.eu.qualimaster.PipelineOptionsTest</className>
          <testName>testOptionKey</testName>
          <skipped>false</skipped>
          <failedSince>0</failedSince>
        </case>
        <case>
          <duration>0.0</duration>
          <className>tests.eu.qualimaster.PipelineOptionsTest</className>
          <testName>testAdaptationFilter</testName>
          <skipped>false</skipped>
          <failedSince>0</failedSince>
        </case>
        <case>
          <duration>0.0</duration>
          <className>tests.eu.qualimaster.PipelineOptionsTest</className>
          <testName>parallelismArgTests</testName>
          <skipped>false</skipped>
          <failedSince>0</failedSince>
        </case>
        <case>
          <duration>0.002</duration>
          <className>tests.eu.qualimaster.PipelineOptionsTest</className>
          <testName>execArgTests</testName>
          <skipped>false</skipped>
          <failedSince>0</failedSince>
        </case>
        <case>
          <duration>0.003</duration>
          <className>tests.eu.qualimaster.PipelineOptionsTest</className>
          <testName>pipelineOptionsTest</testName>
          <skipped>false</skipped>
          <failedSince>0</failedSince>
        </case>
        <case>
          <duration>0.006</duration>
          <className>tests.eu.qualimaster.FrozenSystemStateTest</className>
          <testName>testFrozenSystemState</testName>
          <skipped>false</skipped>
          <failedSince>0</failedSince>
        </case>
        <case>
          <duration>0.039</duration>
          <className>tests.eu.qualimaster.events.ComponentKeyTests</className>
          <testName>testComponentKey</testName>
          <skipped>false</skipped>
          <failedSince>0</failedSince>
        </case>
        <case>
          <duration>0.009</duration>
          <className>tests.eu.qualimaster.AlgorithmChangeParameterTest</className>
          <testName>testSet</testName>
          <skipped>false</skipped>
          <failedSince>0</failedSince>
        </case>
        <case>
          <duration>0.0</duration>
          <className>tests.eu.qualimaster.AlgorithmChangeParameterTest</className>
          <testName>testConvert</testName>
          <skipped>false</skipped>
          <failedSince>0</failedSince>
        </case>
        <case>
          <duration>0.034</duration>
          <className>tests.eu.qualimaster.ResponseStoreTest</className>
          <testName>testResponseStore</testName>
          <skipped>false</skipped>
          <failedSince>0</failedSince>
        </case>
        <case>
          <duration>0.001</duration>
          <className>tests.eu.qualimaster.AdditionalTests</className>
          <testName>testXmlFactory</testName>
          <skipped>false</skipped>
          <failedSince>0</failedSince>
        </case>
        <case>
          <duration>6.114</duration>
          <className>tests.eu.qualimaster.events.EventManagerTests</className>
          <testName>testCsParallelStartup</testName>
          <skipped>false</skipped>
          <failedSince>0</failedSince>
        </case>
        <case>
          <duration>1.804</duration>
          <className>tests.eu.qualimaster.events.EventManagerTests</className>
          <testName>testLocalParallelStartup</testName>
          <skipped>false</skipped>
          <failedSince>0</failedSince>
        </case>
        <case>
          <duration>0.055</duration>
          <className>tests.eu.qualimaster.FileTests</className>
          <testName>testFileUtils</testName>
          <skipped>false</skipped>
          <failedSince>0</failedSince>
        </case>
        <case>
          <duration>0.011</duration>
          <className>tests.eu.qualimaster.FileTests</className>
          <testName>zipTests</testName>
          <skipped>false</skipped>
          <failedSince>0</failedSince>
        </case>
        <case>
          <duration>0.5</duration>
          <className>tests.eu.qualimaster.FileTests</className>
          <testName>sleepTest</testName>
          <skipped>false</skipped>
          <failedSince>0</failedSince>
        </case>
        <case>
          <duration>0.012</duration>
          <className>tests.eu.qualimaster.plugins.EntryParserTests</className>
          <testName>testEntryParser</testName>
          <skipped>false</skipped>
          <failedSince>0</failedSince>
        </case>
        <case>
          <duration>0.001</duration>
          <className>tests.eu.qualimaster.reflection.ReflectionHelperTests</className>
          <testName>createInstanceTest</testName>
          <skipped>false</skipped>
          <failedSince>0</failedSince>
        </case>
      </cases>
    </suite>
  </suites>
  <duration>52.699</duration>
  <keepLongStdio>false</keepLongStdio>
</result>