<?xml version='1.1' encoding='UTF-8'?>
<result plugin="junit@1.28">
  <suites>
    <suite>
      <file></file>
      <name>testsForDummys.DummyTests</name>
      <stdout></stdout>
      <stderr></stderr>
      <duration>30.081</duration>
      <timestamp>2019-07-20T23:07:50</timestamp>
      <time>35.058</time>
      <enclosingBlocks/>
      <enclosingBlockNames/>
      <cases>
        <case>
          <duration>0.801</duration>
          <className>testsForDummys.DummyTests</className>
          <testName>testDoMathNoSleep</testName>
          <skipped>false</skipped>
          <failedSince>0</failedSince>
        </case>
        <case>
          <duration>0.25</duration>
          <className>testsForDummys.DummyTests</className>
          <testName>testDoMathQuarterSec</testName>
          <skipped>false</skipped>
          <failedSince>0</failedSince>
        </case>
        <case>
          <duration>0.501</duration>
          <className>testsForDummys.DummyTests</className>
          <testName>testDoMathHalfSec</testName>
          <skipped>false</skipped>
          <failedSince>0</failedSince>
        </case>
        <case>
          <duration>1.8</duration>
          <className>testsForDummys.DummyTests</className>
          <testName>testDoMath</testName>
          <skipped>false</skipped>
          <failedSince>0</failedSince>
        </case>
      </cases>
    </suite>
  </suites>
  <duration>20.005</duration>
  <keepLongStdio>false</keepLongStdio>
</result>