<?xml version='1.1' encoding='UTF-8'?>
<result plugin="junit@1.28">
  <suites>
	<suite>
      <file>/var/lib/jenkins/workspace/EASy_Instantiation/junitResults/net.ssehub.easy.instantiation.ant.AllTests.xml</file>
      <name>net.ssehub.easy.instantiation.ant.AllTests</name>
      <stdout></stdout>
      <stderr></stderr>
      <duration>1.595</duration>
      <timestamp>2019-07-25T12:54:14</timestamp>
      <id>0</id>
      <time>1.595</time>
      <enclosingBlocks/>
      <enclosingBlockNames/>
      <cases>
        <case>
          <duration>0.812</duration>
          <className>net.ssehub.easy.instantiation.ant.ExecutionTests</className>
          <testName>testAnt</testName>
          <skipped>false</skipped>
          <failedSince>0</failedSince>
        </case>
      </cases>
	</suite>
	<suite>
      <file>/var/lib/jenkins/workspace/EASy_Instantiation/junitResults/net.ssehub.easy.instantiation.aspectj.AllTests.xml</file>
      <name>net.ssehub.easy.instantiation.aspectj.AllTests</name>
      <stdout></stdout>
      <stderr></stderr>
      <duration>3.242</duration>
      <timestamp>2019-07-25T12:54:25</timestamp>
      <id>0</id>
      <time>3.242</time>
      <enclosingBlocks/>
      <enclosingBlockNames/>
      <cases>
        <case>
          <duration>2.524</duration>
          <className>net.ssehub.easy.instantiation.aspectj.ExecutionTests</className>
          <testName>testAspectJ</testName>
          <skipped>false</skipped>
          <failedSince>0</failedSince>
        </case>
      </cases>
    </suite>
  </suites>
  <duration>103.791</duration>
  <keepLongStdio>false</keepLongStdio>
</result>