<?xml version='1.1' encoding='UTF-8'?>
<result plugin="junit@1.28">
  <suites>
    <suite>
      <file>C:\Uni\EntwicklungsStuff\Jenkins\workspace\TestProjekt\DummyTestProjekt\reports\TEST-testsForDummys.DummyTests.xml</file>
      <name>testsForDummys.DummyTests</name>
      <stdout></stdout>
      <stderr></stderr>
      <duration>1.864</duration>
      <timestamp>2019-07-22T15:14:32</timestamp>
      <time>1.864</time>
      <enclosingBlocks/>
      <enclosingBlockNames/>
      <cases>
        <case>
          <duration>0.0</duration>
          <className>testsForDummys.DummyTests</className>
          <testName>testDoMathNoSleep</testName>
          <skipped>false</skipped>
          <failedSince>0</failedSince>
        </case>
        <case>
          <duration>0.266</duration>
          <className>testsForDummys.DummyTests</className>
          <testName>testDoMathQuarterSec</testName>
          <skipped>false</skipped>
          <failedSince>0</failedSince>
        </case>
        <case>
          <duration>0.509</duration>
          <className>testsForDummys.DummyTests</className>
          <testName>testDoMathHalfSec</testName>
          <skipped>false</skipped>
          <failedSince>0</failedSince>
        </case>
        <case>
          <duration>1.011</duration>
          <className>testsForDummys.DummyTests</className>
          <testName>testDoMath</testName>
          <skipped>false</skipped>
          <failedSince>0</failedSince>
        </case>
      </cases>
    </suite>
  </suites>
  <duration>1.864</duration>
  <keepLongStdio>false</keepLongStdio>
</result>